{"/Users/drew/Documents/RPP30/BOC/stream-hopper/database/index.js": {"path":"/Users/drew/Documents/RPP30/BOC/stream-hopper/database/index.js","statementMap":{"0":{"start":{"line":1,"column":17},"end":{"line":1,"column":36}},"1":{"start":{"line":2,"column":0},"end":{"line":2,"column":27}},"2":{"start":{"line":4,"column":16},"end":{"line":22,"column":1}},"3":{"start":{"line":7,"column":2},"end":{"line":12,"column":3}},"4":{"start":{"line":8,"column":4},"end":{"line":8,"column":53}},"5":{"start":{"line":9,"column":4},"end":{"line":9,"column":50}},"6":{"start":{"line":11,"column":4},"end":{"line":11,"column":45}},"7":{"start":{"line":14,"column":2},"end":{"line":21,"column":3}},"8":{"start":{"line":15,"column":4},"end":{"line":15,"column":45}},"9":{"start":{"line":16,"column":4},"end":{"line":16,"column":49}},"10":{"start":{"line":18,"column":4},"end":{"line":18,"column":48}},"11":{"start":{"line":19,"column":4},"end":{"line":19,"column":23}},"12":{"start":{"line":20,"column":4},"end":{"line":20,"column":20}},"13":{"start":{"line":24,"column":19},"end":{"line":26,"column":1}},"14":{"start":{"line":25,"column":2},"end":{"line":25,"column":35}},"15":{"start":{"line":28,"column":13},"end":{"line":30,"column":1}},"16":{"start":{"line":29,"column":2},"end":{"line":29,"column":46}},"17":{"start":{"line":32,"column":0},"end":{"line":32,"column":26}},"18":{"start":{"line":33,"column":0},"end":{"line":33,"column":32}},"19":{"start":{"line":34,"column":0},"end":{"line":34,"column":20}}},"fnMap":{"0":{"name":"(anonymous_0)","decl":{"start":{"line":4,"column":16},"end":{"line":4,"column":17}},"loc":{"start":{"line":4,"column":28},"end":{"line":22,"column":1}},"line":4},"1":{"name":"(anonymous_1)","decl":{"start":{"line":24,"column":19},"end":{"line":24,"column":20}},"loc":{"start":{"line":24,"column":31},"end":{"line":26,"column":1}},"line":24},"2":{"name":"(anonymous_2)","decl":{"start":{"line":28,"column":13},"end":{"line":28,"column":14}},"loc":{"start":{"line":28,"column":25},"end":{"line":30,"column":1}},"line":28}},"branchMap":{"0":{"loc":{"start":{"line":7,"column":2},"end":{"line":12,"column":3}},"type":"if","locations":[{"start":{"line":7,"column":2},"end":{"line":12,"column":3}},{"start":{"line":10,"column":9},"end":{"line":12,"column":3}}],"line":7}},"s":{"0":1,"1":1,"2":1,"3":1,"4":1,"5":1,"6":0,"7":1,"8":1,"9":1,"10":0,"11":0,"12":0,"13":1,"14":1,"15":1,"16":1,"17":1,"18":1,"19":1},"f":{"0":1,"1":1,"2":1},"b":{"0":[1,0]},"_coverageSchema":"1a1c01bbd47fc00a2c39e90264f33305004495a9","hash":"94ed38b472e6ce3da6560bf428a1676d1440f2ef"}
,"/Users/drew/Documents/RPP30/BOC/stream-hopper/database/controllers/relatedTitles.js": {"path":"/Users/drew/Documents/RPP30/BOC/stream-hopper/database/controllers/relatedTitles.js","statementMap":{"0":{"start":{"line":1,"column":20},"end":{"line":1,"column":54}},"1":{"start":{"line":2,"column":14},"end":{"line":2,"column":38}},"2":{"start":{"line":4,"column":23},"end":{"line":34,"column":1}},"3":{"start":{"line":36,"column":21},"end":{"line":43,"column":1}},"4":{"start":{"line":37,"column":2},"end":{"line":42,"column":3}},"5":{"start":{"line":37,"column":15},"end":{"line":37,"column":31}},"6":{"start":{"line":38,"column":14},"end":{"line":38,"column":49}},"7":{"start":{"line":39,"column":17},"end":{"line":39,"column":25}},"8":{"start":{"line":40,"column":4},"end":{"line":40,"column":24}},"9":{"start":{"line":41,"column":4},"end":{"line":41,"column":20}},"10":{"start":{"line":45,"column":26},"end":{"line":112,"column":1}},"11":{"start":{"line":47,"column":24},"end":{"line":47,"column":26}},"12":{"start":{"line":48,"column":24},"end":{"line":48,"column":26}},"13":{"start":{"line":50,"column":2},"end":{"line":63,"column":6}},"14":{"start":{"line":52,"column":6},"end":{"line":54,"column":7}},"15":{"start":{"line":52,"column":19},"end":{"line":52,"column":20}},"16":{"start":{"line":53,"column":8},"end":{"line":53,"column":55}},"17":{"start":{"line":55,"column":6},"end":{"line":55,"column":42}},"18":{"start":{"line":56,"column":6},"end":{"line":58,"column":7}},"19":{"start":{"line":56,"column":19},"end":{"line":56,"column":20}},"20":{"start":{"line":57,"column":8},"end":{"line":57,"column":90}},"21":{"start":{"line":61,"column":6},"end":{"line":61,"column":95}},"22":{"start":{"line":62,"column":6},"end":{"line":62,"column":13}},"23":{"start":{"line":65,"column":23},"end":{"line":65,"column":25}},"24":{"start":{"line":66,"column":21},"end":{"line":66,"column":23}},"25":{"start":{"line":67,"column":22},"end":{"line":67,"column":27}},"26":{"start":{"line":68,"column":2},"end":{"line":103,"column":3}},"27":{"start":{"line":68,"column":15},"end":{"line":68,"column":16}},"28":{"start":{"line":69,"column":4},"end":{"line":102,"column":8}},"29":{"start":{"line":75,"column":8},"end":{"line":97,"column":9}},"30":{"start":{"line":75,"column":21},"end":{"line":75,"column":22}},"31":{"start":{"line":76,"column":10},"end":{"line":96,"column":11}},"32":{"start":{"line":78,"column":12},"end":{"line":82,"column":13}},"33":{"start":{"line":79,"column":14},"end":{"line":79,"column":99}},"34":{"start":{"line":81,"column":14},"end":{"line":81,"column":72}},"35":{"start":{"line":83,"column":40},"end":{"line":88,"column":13}},"36":{"start":{"line":89,"column":12},"end":{"line":94,"column":13}},"37":{"start":{"line":90,"column":14},"end":{"line":90,"column":58}},"38":{"start":{"line":91,"column":14},"end":{"line":91,"column":35}},"39":{"start":{"line":93,"column":14},"end":{"line":93,"column":55}},"40":{"start":{"line":95,"column":12},"end":{"line":95,"column":66}},"41":{"start":{"line":100,"column":8},"end":{"line":100,"column":96}},"42":{"start":{"line":101,"column":8},"end":{"line":101,"column":15}},"43":{"start":{"line":105,"column":18},"end":{"line":105,"column":38}},"44":{"start":{"line":107,"column":2},"end":{"line":107,"column":29}},"45":{"start":{"line":108,"column":2},"end":{"line":108,"column":34}},"46":{"start":{"line":110,"column":2},"end":{"line":110,"column":37}},"47":{"start":{"line":114,"column":0},"end":{"line":114,"column":53}}},"fnMap":{"0":{"name":"(anonymous_0)","decl":{"start":{"line":36,"column":21},"end":{"line":36,"column":22}},"loc":{"start":{"line":36,"column":30},"end":{"line":43,"column":1}},"line":36},"1":{"name":"(anonymous_1)","decl":{"start":{"line":45,"column":26},"end":{"line":45,"column":27}},"loc":{"start":{"line":45,"column":46},"end":{"line":112,"column":1}},"line":45},"2":{"name":"(anonymous_2)","decl":{"start":{"line":51,"column":10},"end":{"line":51,"column":11}},"loc":{"start":{"line":51,"column":27},"end":{"line":59,"column":5}},"line":51},"3":{"name":"(anonymous_3)","decl":{"start":{"line":60,"column":11},"end":{"line":60,"column":12}},"loc":{"start":{"line":60,"column":22},"end":{"line":63,"column":5}},"line":60},"4":{"name":"(anonymous_4)","decl":{"start":{"line":74,"column":12},"end":{"line":74,"column":13}},"loc":{"start":{"line":74,"column":26},"end":{"line":98,"column":7}},"line":74},"5":{"name":"(anonymous_5)","decl":{"start":{"line":99,"column":13},"end":{"line":99,"column":14}},"loc":{"start":{"line":99,"column":24},"end":{"line":102,"column":7}},"line":99}},"branchMap":{"0":{"loc":{"start":{"line":76,"column":10},"end":{"line":96,"column":11}},"type":"if","locations":[{"start":{"line":76,"column":10},"end":{"line":96,"column":11}},{"start":{},"end":{}}],"line":76},"1":{"loc":{"start":{"line":78,"column":12},"end":{"line":82,"column":13}},"type":"if","locations":[{"start":{"line":78,"column":12},"end":{"line":82,"column":13}},{"start":{"line":80,"column":19},"end":{"line":82,"column":13}}],"line":78},"2":{"loc":{"start":{"line":89,"column":12},"end":{"line":94,"column":13}},"type":"if","locations":[{"start":{"line":89,"column":12},"end":{"line":94,"column":13}},{"start":{"line":92,"column":19},"end":{"line":94,"column":13}}],"line":89},"3":{"loc":{"start":{"line":89,"column":16},"end":{"line":89,"column":93}},"type":"binary-expr","locations":[{"start":{"line":89,"column":16},"end":{"line":89,"column":75}},{"start":{"line":89,"column":79},"end":{"line":89,"column":93}}],"line":89}},"s":{"0":1,"1":1,"2":1,"3":1,"4":0,"5":0,"6":0,"7":0,"8":0,"9":0,"10":1,"11":0,"12":0,"13":0,"14":0,"15":0,"16":0,"17":0,"18":0,"19":0,"20":0,"21":0,"22":0,"23":0,"24":0,"25":0,"26":0,"27":0,"28":0,"29":0,"30":0,"31":0,"32":0,"33":0,"34":0,"35":0,"36":0,"37":0,"38":0,"39":0,"40":0,"41":0,"42":0,"43":0,"44":0,"45":0,"46":0,"47":1},"f":{"0":0,"1":0,"2":0,"3":0,"4":0,"5":0},"b":{"0":[0,0],"1":[0,0],"2":[0,0],"3":[0,0]},"_coverageSchema":"1a1c01bbd47fc00a2c39e90264f33305004495a9","hash":"a6a4610847f2a5832a9263de6779b553ef33ea84"}
,"/Users/drew/Documents/RPP30/BOC/stream-hopper/database/controllers/savedTitles.js": {"path":"/Users/drew/Documents/RPP30/BOC/stream-hopper/database/controllers/savedTitles.js","statementMap":{"0":{"start":{"line":1,"column":14},"end":{"line":1,"column":38}},"1":{"start":{"line":2,"column":20},"end":{"line":2,"column":54}},"2":{"start":{"line":4,"column":24},"end":{"line":22,"column":1}},"3":{"start":{"line":5,"column":2},"end":{"line":8,"column":3}},"4":{"start":{"line":6,"column":4},"end":{"line":6,"column":100}},"5":{"start":{"line":7,"column":4},"end":{"line":7,"column":11}},"6":{"start":{"line":10,"column":2},"end":{"line":21,"column":6}},"7":{"start":{"line":12,"column":6},"end":{"line":14,"column":7}},"8":{"start":{"line":12,"column":19},"end":{"line":12,"column":20}},"9":{"start":{"line":13,"column":8},"end":{"line":13,"column":49}},"10":{"start":{"line":15,"column":6},"end":{"line":15,"column":49}},"11":{"start":{"line":18,"column":6},"end":{"line":18,"column":56}},"12":{"start":{"line":19,"column":6},"end":{"line":19,"column":34}},"13":{"start":{"line":20,"column":6},"end":{"line":20,"column":13}},"14":{"start":{"line":24,"column":22},"end":{"line":80,"column":1}},"15":{"start":{"line":25,"column":2},"end":{"line":34,"column":3}},"16":{"start":{"line":26,"column":4},"end":{"line":26,"column":100}},"17":{"start":{"line":27,"column":4},"end":{"line":27,"column":11}},"18":{"start":{"line":28,"column":9},"end":{"line":34,"column":3}},"19":{"start":{"line":29,"column":4},"end":{"line":29,"column":97}},"20":{"start":{"line":30,"column":4},"end":{"line":30,"column":11}},"21":{"start":{"line":31,"column":9},"end":{"line":34,"column":3}},"22":{"start":{"line":32,"column":4},"end":{"line":32,"column":101}},"23":{"start":{"line":33,"column":4},"end":{"line":33,"column":11}},"24":{"start":{"line":39,"column":2},"end":{"line":56,"column":6}},"25":{"start":{"line":45,"column":6},"end":{"line":49,"column":7}},"26":{"start":{"line":46,"column":8},"end":{"line":46,"column":25}},"27":{"start":{"line":47,"column":8},"end":{"line":47,"column":117}},"28":{"start":{"line":48,"column":8},"end":{"line":48,"column":15}},"29":{"start":{"line":50,"column":6},"end":{"line":50,"column":79}},"30":{"start":{"line":53,"column":6},"end":{"line":53,"column":23}},"31":{"start":{"line":54,"column":6},"end":{"line":54,"column":115}},"32":{"start":{"line":55,"column":6},"end":{"line":55,"column":13}},"33":{"start":{"line":58,"column":2},"end":{"line":78,"column":3}},"34":{"start":{"line":59,"column":4},"end":{"line":77,"column":8}},"35":{"start":{"line":61,"column":8},"end":{"line":72,"column":9}},"36":{"start":{"line":62,"column":10},"end":{"line":62,"column":70}},"37":{"start":{"line":64,"column":10},"end":{"line":71,"column":14}},"38":{"start":{"line":66,"column":14},"end":{"line":66,"column":63}},"39":{"start":{"line":69,"column":14},"end":{"line":69,"column":42}},"40":{"start":{"line":70,"column":14},"end":{"line":70,"column":21}},"41":{"start":{"line":75,"column":8},"end":{"line":75,"column":81}},"42":{"start":{"line":76,"column":8},"end":{"line":76,"column":15}},"43":{"start":{"line":82,"column":25},"end":{"line":102,"column":1}},"44":{"start":{"line":83,"column":2},"end":{"line":89,"column":3}},"45":{"start":{"line":84,"column":4},"end":{"line":84,"column":97}},"46":{"start":{"line":85,"column":4},"end":{"line":85,"column":11}},"47":{"start":{"line":86,"column":9},"end":{"line":89,"column":3}},"48":{"start":{"line":87,"column":4},"end":{"line":87,"column":98}},"49":{"start":{"line":88,"column":4},"end":{"line":88,"column":11}},"50":{"start":{"line":90,"column":2},"end":{"line":101,"column":6}},"51":{"start":{"line":92,"column":6},"end":{"line":96,"column":7}},"52":{"start":{"line":93,"column":8},"end":{"line":93,"column":59}},"53":{"start":{"line":95,"column":8},"end":{"line":95,"column":59}},"54":{"start":{"line":99,"column":6},"end":{"line":99,"column":33}},"55":{"start":{"line":100,"column":6},"end":{"line":100,"column":13}},"56":{"start":{"line":104,"column":0},"end":{"line":104,"column":49}},"57":{"start":{"line":105,"column":0},"end":{"line":105,"column":45}},"58":{"start":{"line":106,"column":0},"end":{"line":106,"column":51}}},"fnMap":{"0":{"name":"(anonymous_0)","decl":{"start":{"line":4,"column":24},"end":{"line":4,"column":25}},"loc":{"start":{"line":4,"column":44},"end":{"line":22,"column":1}},"line":4},"1":{"name":"(anonymous_1)","decl":{"start":{"line":11,"column":10},"end":{"line":11,"column":11}},"loc":{"start":{"line":11,"column":27},"end":{"line":16,"column":5}},"line":11},"2":{"name":"(anonymous_2)","decl":{"start":{"line":17,"column":11},"end":{"line":17,"column":12}},"loc":{"start":{"line":17,"column":22},"end":{"line":21,"column":5}},"line":17},"3":{"name":"(anonymous_3)","decl":{"start":{"line":24,"column":22},"end":{"line":24,"column":23}},"loc":{"start":{"line":24,"column":42},"end":{"line":80,"column":1}},"line":24},"4":{"name":"(anonymous_4)","decl":{"start":{"line":44,"column":10},"end":{"line":44,"column":11}},"loc":{"start":{"line":44,"column":22},"end":{"line":51,"column":5}},"line":44},"5":{"name":"(anonymous_5)","decl":{"start":{"line":52,"column":11},"end":{"line":52,"column":12}},"loc":{"start":{"line":52,"column":22},"end":{"line":56,"column":5}},"line":52},"6":{"name":"(anonymous_6)","decl":{"start":{"line":60,"column":12},"end":{"line":60,"column":13}},"loc":{"start":{"line":60,"column":29},"end":{"line":73,"column":7}},"line":60},"7":{"name":"(anonymous_7)","decl":{"start":{"line":65,"column":18},"end":{"line":65,"column":19}},"loc":{"start":{"line":65,"column":24},"end":{"line":67,"column":13}},"line":65},"8":{"name":"(anonymous_8)","decl":{"start":{"line":68,"column":19},"end":{"line":68,"column":20}},"loc":{"start":{"line":68,"column":30},"end":{"line":71,"column":13}},"line":68},"9":{"name":"(anonymous_9)","decl":{"start":{"line":74,"column":13},"end":{"line":74,"column":14}},"loc":{"start":{"line":74,"column":24},"end":{"line":77,"column":7}},"line":74},"10":{"name":"(anonymous_10)","decl":{"start":{"line":82,"column":25},"end":{"line":82,"column":26}},"loc":{"start":{"line":82,"column":45},"end":{"line":102,"column":1}},"line":82},"11":{"name":"(anonymous_11)","decl":{"start":{"line":91,"column":10},"end":{"line":91,"column":11}},"loc":{"start":{"line":91,"column":24},"end":{"line":97,"column":5}},"line":91},"12":{"name":"(anonymous_12)","decl":{"start":{"line":98,"column":11},"end":{"line":98,"column":12}},"loc":{"start":{"line":98,"column":22},"end":{"line":101,"column":5}},"line":98}},"branchMap":{"0":{"loc":{"start":{"line":5,"column":2},"end":{"line":8,"column":3}},"type":"if","locations":[{"start":{"line":5,"column":2},"end":{"line":8,"column":3}},{"start":{},"end":{}}],"line":5},"1":{"loc":{"start":{"line":5,"column":6},"end":{"line":5,"column":65}},"type":"binary-expr","locations":[{"start":{"line":5,"column":6},"end":{"line":5,"column":24}},{"start":{"line":5,"column":28},"end":{"line":5,"column":65}}],"line":5},"2":{"loc":{"start":{"line":25,"column":2},"end":{"line":34,"column":3}},"type":"if","locations":[{"start":{"line":25,"column":2},"end":{"line":34,"column":3}},{"start":{"line":28,"column":9},"end":{"line":34,"column":3}}],"line":25},"3":{"loc":{"start":{"line":25,"column":6},"end":{"line":25,"column":63}},"type":"binary-expr","locations":[{"start":{"line":25,"column":6},"end":{"line":25,"column":23}},{"start":{"line":25,"column":27},"end":{"line":25,"column":63}}],"line":25},"4":{"loc":{"start":{"line":28,"column":9},"end":{"line":34,"column":3}},"type":"if","locations":[{"start":{"line":28,"column":9},"end":{"line":34,"column":3}},{"start":{"line":31,"column":9},"end":{"line":34,"column":3}}],"line":28},"5":{"loc":{"start":{"line":28,"column":13},"end":{"line":28,"column":64}},"type":"binary-expr","locations":[{"start":{"line":28,"column":13},"end":{"line":28,"column":27}},{"start":{"line":28,"column":31},"end":{"line":28,"column":64}}],"line":28},"6":{"loc":{"start":{"line":31,"column":9},"end":{"line":34,"column":3}},"type":"if","locations":[{"start":{"line":31,"column":9},"end":{"line":34,"column":3}},{"start":{},"end":{}}],"line":31},"7":{"loc":{"start":{"line":31,"column":13},"end":{"line":31,"column":100}},"type":"binary-expr","locations":[{"start":{"line":31,"column":13},"end":{"line":31,"column":30}},{"start":{"line":31,"column":34},"end":{"line":31,"column":70}},{"start":{"line":31,"column":74},"end":{"line":31,"column":100}}],"line":31},"8":{"loc":{"start":{"line":45,"column":6},"end":{"line":49,"column":7}},"type":"if","locations":[{"start":{"line":45,"column":6},"end":{"line":49,"column":7}},{"start":{},"end":{}}],"line":45},"9":{"loc":{"start":{"line":58,"column":2},"end":{"line":78,"column":3}},"type":"if","locations":[{"start":{"line":58,"column":2},"end":{"line":78,"column":3}},{"start":{},"end":{}}],"line":58},"10":{"loc":{"start":{"line":61,"column":8},"end":{"line":72,"column":9}},"type":"if","locations":[{"start":{"line":61,"column":8},"end":{"line":72,"column":9}},{"start":{"line":63,"column":15},"end":{"line":72,"column":9}}],"line":61},"11":{"loc":{"start":{"line":83,"column":2},"end":{"line":89,"column":3}},"type":"if","locations":[{"start":{"line":83,"column":2},"end":{"line":89,"column":3}},{"start":{"line":86,"column":9},"end":{"line":89,"column":3}}],"line":83},"12":{"loc":{"start":{"line":83,"column":6},"end":{"line":83,"column":63}},"type":"binary-expr","locations":[{"start":{"line":83,"column":6},"end":{"line":83,"column":23}},{"start":{"line":83,"column":27},"end":{"line":83,"column":63}}],"line":83},"13":{"loc":{"start":{"line":86,"column":9},"end":{"line":89,"column":3}},"type":"if","locations":[{"start":{"line":86,"column":9},"end":{"line":89,"column":3}},{"start":{},"end":{}}],"line":86},"14":{"loc":{"start":{"line":86,"column":13},"end":{"line":86,"column":70}},"type":"binary-expr","locations":[{"start":{"line":86,"column":13},"end":{"line":86,"column":30}},{"start":{"line":86,"column":34},"end":{"line":86,"column":70}}],"line":86},"15":{"loc":{"start":{"line":92,"column":6},"end":{"line":96,"column":7}},"type":"if","locations":[{"start":{"line":92,"column":6},"end":{"line":96,"column":7}},{"start":{"line":94,"column":13},"end":{"line":96,"column":7}}],"line":92}},"s":{"0":1,"1":1,"2":1,"3":7,"4":2,"5":2,"6":5,"7":5,"8":5,"9":2,"10":5,"11":0,"12":0,"13":0,"14":1,"15":16,"16":2,"17":2,"18":14,"19":2,"20":2,"21":12,"22":2,"23":2,"24":10,"25":10,"26":2,"27":2,"28":2,"29":8,"30":0,"31":0,"32":0,"33":10,"34":8,"35":8,"36":2,"37":6,"38":6,"39":0,"40":0,"41":0,"42":0,"43":1,"44":4,"45":2,"46":2,"47":2,"48":2,"49":2,"50":0,"51":0,"52":0,"53":0,"54":0,"55":0,"56":1,"57":1,"58":1},"f":{"0":7,"1":5,"2":0,"3":16,"4":10,"5":0,"6":8,"7":6,"8":0,"9":0,"10":4,"11":0,"12":0},"b":{"0":[2,5],"1":[7,5],"2":[2,14],"3":[16,14],"4":[2,12],"5":[14,12],"6":[2,10],"7":[12,10,10],"8":[2,8],"9":[8,2],"10":[2,6],"11":[2,2],"12":[4,2],"13":[2,0],"14":[2,0],"15":[0,0]},"_coverageSchema":"1a1c01bbd47fc00a2c39e90264f33305004495a9","hash":"c29d43ba7052ef980cba652ee047632d4daf7cd1"}
,"/Users/drew/Documents/RPP30/BOC/stream-hopper/database/controllers/sourceDetails.js": {"path":"/Users/drew/Documents/RPP30/BOC/stream-hopper/database/controllers/sourceDetails.js","statementMap":{"0":{"start":{"line":1,"column":18},"end":{"line":1,"column":31}},"1":{"start":{"line":3,"column":14},"end":{"line":2672,"column":1}},"2":{"start":{"line":2674,"column":26},"end":{"line":2679,"column":1}},"3":{"start":{"line":2675,"column":15},"end":{"line":2675,"column":53}},"4":{"start":{"line":2676,"column":2},"end":{"line":2676,"column":32}},"5":{"start":{"line":2678,"column":2},"end":{"line":2678,"column":16}},"6":{"start":{"line":2681,"column":0},"end":{"line":2681,"column":51}}},"fnMap":{"0":{"name":"(anonymous_0)","decl":{"start":{"line":2674,"column":26},"end":{"line":2674,"column":27}},"loc":{"start":{"line":2674,"column":38},"end":{"line":2679,"column":1}},"line":2674}},"branchMap":{},"s":{"0":1,"1":1,"2":1,"3":0,"4":0,"5":0,"6":1},"f":{"0":0},"b":{},"_coverageSchema":"1a1c01bbd47fc00a2c39e90264f33305004495a9","hash":"2519d47190faea46b1b9da4cf9f8366b14657b86"}
,"/Users/drew/Documents/RPP30/BOC/stream-hopper/database/controllers/spielbergTitles.js": {"path":"/Users/drew/Documents/RPP30/BOC/stream-hopper/database/controllers/spielbergTitles.js","statementMap":{"0":{"start":{"line":1,"column":20},"end":{"line":1,"column":54}},"1":{"start":{"line":2,"column":14},"end":{"line":2,"column":38}},"2":{"start":{"line":5,"column":28},"end":{"line":136,"column":1}},"3":{"start":{"line":6,"column":15},"end":{"line":107,"column":3}},"4":{"start":{"line":109,"column":24},"end":{"line":109,"column":26}},"5":{"start":{"line":111,"column":2},"end":{"line":120,"column":6}},"6":{"start":{"line":113,"column":6},"end":{"line":115,"column":7}},"7":{"start":{"line":113,"column":19},"end":{"line":113,"column":20}},"8":{"start":{"line":114,"column":8},"end":{"line":114,"column":55}},"9":{"start":{"line":118,"column":6},"end":{"line":118,"column":81}},"10":{"start":{"line":119,"column":6},"end":{"line":119,"column":13}},"11":{"start":{"line":122,"column":21},"end":{"line":122,"column":23}},"12":{"start":{"line":124,"column":2},"end":{"line":132,"column":3}},"13":{"start":{"line":124,"column":15},"end":{"line":124,"column":16}},"14":{"start":{"line":125,"column":34},"end":{"line":130,"column":7}},"15":{"start":{"line":131,"column":6},"end":{"line":131,"column":47}},"16":{"start":{"line":134,"column":2},"end":{"line":134,"column":36}},"17":{"start":{"line":138,"column":0},"end":{"line":138,"column":57}}},"fnMap":{"0":{"name":"(anonymous_0)","decl":{"start":{"line":5,"column":28},"end":{"line":5,"column":29}},"loc":{"start":{"line":5,"column":48},"end":{"line":136,"column":1}},"line":5},"1":{"name":"(anonymous_1)","decl":{"start":{"line":112,"column":10},"end":{"line":112,"column":11}},"loc":{"start":{"line":112,"column":27},"end":{"line":116,"column":5}},"line":112},"2":{"name":"(anonymous_2)","decl":{"start":{"line":117,"column":11},"end":{"line":117,"column":12}},"loc":{"start":{"line":117,"column":22},"end":{"line":120,"column":5}},"line":117}},"branchMap":{"0":{"loc":{"start":{"line":129,"column":23},"end":{"line":129,"column":66}},"type":"binary-expr","locations":[{"start":{"line":129,"column":23},"end":{"line":129,"column":57}},{"start":{"line":129,"column":61},"end":{"line":129,"column":66}}],"line":129}},"s":{"0":1,"1":1,"2":1,"3":0,"4":0,"5":0,"6":0,"7":0,"8":0,"9":0,"10":0,"11":0,"12":0,"13":0,"14":0,"15":0,"16":0,"17":1},"f":{"0":0,"1":0,"2":0},"b":{"0":[0,0]},"_coverageSchema":"1a1c01bbd47fc00a2c39e90264f33305004495a9","hash":"bc464503043f8b6a240cc95471efab5bfc8064cf"}
,"/Users/drew/Documents/RPP30/BOC/stream-hopper/database/controllers/streamRatings.js": {"path":"/Users/drew/Documents/RPP30/BOC/stream-hopper/database/controllers/streamRatings.js","statementMap":{"0":{"start":{"line":1,"column":14},"end":{"line":1,"column":38}},"1":{"start":{"line":2,"column":27},"end":{"line":2,"column":67}},"2":{"start":{"line":3,"column":30},"end":{"line":3,"column":73}},"3":{"start":{"line":5,"column":26},"end":{"line":57,"column":1}},"4":{"start":{"line":6,"column":2},"end":{"line":56,"column":6}},"5":{"start":{"line":17,"column":6},"end":{"line":19,"column":7}},"6":{"start":{"line":18,"column":8},"end":{"line":18,"column":30}},"7":{"start":{"line":20,"column":38},"end":{"line":20,"column":83}},"8":{"start":{"line":21,"column":38},"end":{"line":21,"column":83}},"9":{"start":{"line":22,"column":43},"end":{"line":22,"column":93}},"10":{"start":{"line":24,"column":6},"end":{"line":52,"column":10}},"11":{"start":{"line":34,"column":10},"end":{"line":36,"column":11}},"12":{"start":{"line":35,"column":12},"end":{"line":35,"column":37}},"13":{"start":{"line":37,"column":10},"end":{"line":51,"column":12}},"14":{"start":{"line":55,"column":6},"end":{"line":55,"column":69}},"15":{"start":{"line":59,"column":25},"end":{"line":219,"column":1}},"16":{"start":{"line":60,"column":2},"end":{"line":218,"column":6}},"17":{"start":{"line":70,"column":6},"end":{"line":214,"column":7}},"18":{"start":{"line":72,"column":8},"end":{"line":154,"column":11}},"19":{"start":{"line":85,"column":10},"end":{"line":153,"column":11}},"20":{"start":{"line":86,"column":12},"end":{"line":86,"column":86}},"21":{"start":{"line":87,"column":12},"end":{"line":87,"column":19}},"22":{"start":{"line":90,"column":12},"end":{"line":152,"column":16}},"23":{"start":{"line":99,"column":16},"end":{"line":151,"column":17}},"24":{"start":{"line":101,"column":18},"end":{"line":120,"column":20}},"25":{"start":{"line":113,"column":20},"end":{"line":119,"column":21}},"26":{"start":{"line":114,"column":22},"end":{"line":114,"column":94}},"27":{"start":{"line":115,"column":22},"end":{"line":115,"column":29}},"28":{"start":{"line":117,"column":22},"end":{"line":117,"column":79}},"29":{"start":{"line":118,"column":22},"end":{"line":118,"column":29}},"30":{"start":{"line":124,"column":18},"end":{"line":150,"column":19}},"31":{"start":{"line":142,"column":22},"end":{"line":148,"column":23}},"32":{"start":{"line":143,"column":24},"end":{"line":143,"column":99}},"33":{"start":{"line":144,"column":24},"end":{"line":144,"column":31}},"34":{"start":{"line":146,"column":24},"end":{"line":146,"column":81}},"35":{"start":{"line":147,"column":24},"end":{"line":147,"column":31}},"36":{"start":{"line":158,"column":24},"end":{"line":158,"column":109}},"37":{"start":{"line":159,"column":24},"end":{"line":159,"column":109}},"38":{"start":{"line":160,"column":30},"end":{"line":160,"column":125}},"39":{"start":{"line":163,"column":8},"end":{"line":212,"column":9}},"40":{"start":{"line":179,"column":12},"end":{"line":210,"column":13}},"41":{"start":{"line":180,"column":14},"end":{"line":180,"column":86}},"42":{"start":{"line":181,"column":14},"end":{"line":181,"column":21}},"43":{"start":{"line":184,"column":14},"end":{"line":209,"column":15}},"44":{"start":{"line":201,"column":18},"end":{"line":207,"column":19}},"45":{"start":{"line":202,"column":20},"end":{"line":202,"column":95}},"46":{"start":{"line":203,"column":20},"end":{"line":203,"column":27}},"47":{"start":{"line":205,"column":20},"end":{"line":205,"column":77}},"48":{"start":{"line":206,"column":20},"end":{"line":206,"column":27}},"49":{"start":{"line":217,"column":6},"end":{"line":217,"column":66}},"50":{"start":{"line":221,"column":0},"end":{"line":221,"column":53}},"51":{"start":{"line":222,"column":0},"end":{"line":222,"column":51}}},"fnMap":{"0":{"name":"(anonymous_0)","decl":{"start":{"line":5,"column":26},"end":{"line":5,"column":27}},"loc":{"start":{"line":5,"column":46},"end":{"line":57,"column":1}},"line":5},"1":{"name":"(anonymous_1)","decl":{"start":{"line":16,"column":10},"end":{"line":16,"column":11}},"loc":{"start":{"line":16,"column":38},"end":{"line":53,"column":5}},"line":16},"2":{"name":"(anonymous_2)","decl":{"start":{"line":33,"column":14},"end":{"line":33,"column":15}},"loc":{"start":{"line":33,"column":39},"end":{"line":52,"column":9}},"line":33},"3":{"name":"(anonymous_3)","decl":{"start":{"line":54,"column":11},"end":{"line":54,"column":12}},"loc":{"start":{"line":54,"column":22},"end":{"line":56,"column":5}},"line":54},"4":{"name":"(anonymous_4)","decl":{"start":{"line":59,"column":25},"end":{"line":59,"column":26}},"loc":{"start":{"line":59,"column":45},"end":{"line":219,"column":1}},"line":59},"5":{"name":"(anonymous_5)","decl":{"start":{"line":68,"column":10},"end":{"line":68,"column":11}},"loc":{"start":{"line":68,"column":44},"end":{"line":215,"column":5}},"line":68},"6":{"name":"(anonymous_6)","decl":{"start":{"line":84,"column":11},"end":{"line":84,"column":12}},"loc":{"start":{"line":84,"column":36},"end":{"line":154,"column":9}},"line":84},"7":{"name":"(anonymous_7)","decl":{"start":{"line":97,"column":20},"end":{"line":97,"column":21}},"loc":{"start":{"line":97,"column":57},"end":{"line":152,"column":15}},"line":97},"8":{"name":"(anonymous_8)","decl":{"start":{"line":112,"column":18},"end":{"line":112,"column":19}},"loc":{"start":{"line":112,"column":37},"end":{"line":120,"column":19}},"line":112},"9":{"name":"(anonymous_9)","decl":{"start":{"line":141,"column":20},"end":{"line":141,"column":21}},"loc":{"start":{"line":141,"column":45},"end":{"line":149,"column":21}},"line":141},"10":{"name":"(anonymous_10)","decl":{"start":{"line":178,"column":10},"end":{"line":178,"column":11}},"loc":{"start":{"line":178,"column":35},"end":{"line":211,"column":11}},"line":178},"11":{"name":"(anonymous_11)","decl":{"start":{"line":200,"column":16},"end":{"line":200,"column":17}},"loc":{"start":{"line":200,"column":46},"end":{"line":208,"column":17}},"line":200},"12":{"name":"(anonymous_12)","decl":{"start":{"line":216,"column":11},"end":{"line":216,"column":12}},"loc":{"start":{"line":216,"column":22},"end":{"line":218,"column":5}},"line":216}},"branchMap":{"0":{"loc":{"start":{"line":17,"column":6},"end":{"line":19,"column":7}},"type":"if","locations":[{"start":{"line":17,"column":6},"end":{"line":19,"column":7}},{"start":{},"end":{}}],"line":17},"1":{"loc":{"start":{"line":20,"column":38},"end":{"line":20,"column":83}},"type":"binary-expr","locations":[{"start":{"line":20,"column":38},"end":{"line":20,"column":75}},{"start":{"line":20,"column":79},"end":{"line":20,"column":83}}],"line":20},"2":{"loc":{"start":{"line":21,"column":38},"end":{"line":21,"column":83}},"type":"binary-expr","locations":[{"start":{"line":21,"column":38},"end":{"line":21,"column":75}},{"start":{"line":21,"column":79},"end":{"line":21,"column":83}}],"line":21},"3":{"loc":{"start":{"line":22,"column":43},"end":{"line":22,"column":93}},"type":"binary-expr","locations":[{"start":{"line":22,"column":43},"end":{"line":22,"column":85}},{"start":{"line":22,"column":89},"end":{"line":22,"column":93}}],"line":22},"4":{"loc":{"start":{"line":34,"column":10},"end":{"line":36,"column":11}},"type":"if","locations":[{"start":{"line":34,"column":10},"end":{"line":36,"column":11}},{"start":{},"end":{}}],"line":34},"5":{"loc":{"start":{"line":47,"column":45},"end":{"line":47,"column":139}},"type":"binary-expr","locations":[{"start":{"line":47,"column":45},"end":{"line":47,"column":134}},{"start":{"line":47,"column":138},"end":{"line":47,"column":139}}],"line":47},"6":{"loc":{"start":{"line":48,"column":45},"end":{"line":48,"column":139}},"type":"binary-expr","locations":[{"start":{"line":48,"column":45},"end":{"line":48,"column":134}},{"start":{"line":48,"column":138},"end":{"line":48,"column":139}}],"line":48},"7":{"loc":{"start":{"line":49,"column":51},"end":{"line":49,"column":151}},"type":"binary-expr","locations":[{"start":{"line":49,"column":51},"end":{"line":49,"column":146}},{"start":{"line":49,"column":150},"end":{"line":49,"column":151}}],"line":49},"8":{"loc":{"start":{"line":50,"column":30},"end":{"line":50,"column":71}},"type":"binary-expr","locations":[{"start":{"line":50,"column":30},"end":{"line":50,"column":66}},{"start":{"line":50,"column":70},"end":{"line":50,"column":71}}],"line":50},"9":{"loc":{"start":{"line":70,"column":6},"end":{"line":214,"column":7}},"type":"if","locations":[{"start":{"line":70,"column":6},"end":{"line":214,"column":7}},{"start":{"line":156,"column":13},"end":{"line":214,"column":7}}],"line":70},"10":{"loc":{"start":{"line":85,"column":10},"end":{"line":153,"column":11}},"type":"if","locations":[{"start":{"line":85,"column":10},"end":{"line":153,"column":11}},{"start":{"line":88,"column":17},"end":{"line":153,"column":11}}],"line":85},"11":{"loc":{"start":{"line":99,"column":16},"end":{"line":151,"column":17}},"type":"if","locations":[{"start":{"line":99,"column":16},"end":{"line":151,"column":17}},{"start":{"line":122,"column":23},"end":{"line":151,"column":17}}],"line":99},"12":{"loc":{"start":{"line":113,"column":20},"end":{"line":119,"column":21}},"type":"if","locations":[{"start":{"line":113,"column":20},"end":{"line":119,"column":21}},{"start":{"line":116,"column":27},"end":{"line":119,"column":21}}],"line":113},"13":{"loc":{"start":{"line":142,"column":22},"end":{"line":148,"column":23}},"type":"if","locations":[{"start":{"line":142,"column":22},"end":{"line":148,"column":23}},{"start":{"line":145,"column":29},"end":{"line":148,"column":23}}],"line":142},"14":{"loc":{"start":{"line":179,"column":12},"end":{"line":210,"column":13}},"type":"if","locations":[{"start":{"line":179,"column":12},"end":{"line":210,"column":13}},{"start":{"line":182,"column":19},"end":{"line":210,"column":13}}],"line":179},"15":{"loc":{"start":{"line":201,"column":18},"end":{"line":207,"column":19}},"type":"if","locations":[{"start":{"line":201,"column":18},"end":{"line":207,"column":19}},{"start":{"line":204,"column":25},"end":{"line":207,"column":19}}],"line":201}},"s":{"0":1,"1":1,"2":1,"3":1,"4":0,"5":0,"6":0,"7":0,"8":0,"9":0,"10":0,"11":0,"12":0,"13":0,"14":0,"15":1,"16":0,"17":0,"18":0,"19":0,"20":0,"21":0,"22":0,"23":0,"24":0,"25":0,"26":0,"27":0,"28":0,"29":0,"30":0,"31":0,"32":0,"33":0,"34":0,"35":0,"36":0,"37":0,"38":0,"39":0,"40":0,"41":0,"42":0,"43":0,"44":0,"45":0,"46":0,"47":0,"48":0,"49":0,"50":1,"51":1},"f":{"0":0,"1":0,"2":0,"3":0,"4":0,"5":0,"6":0,"7":0,"8":0,"9":0,"10":0,"11":0,"12":0},"b":{"0":[0,0],"1":[0,0],"2":[0,0],"3":[0,0],"4":[0,0],"5":[0,0],"6":[0,0],"7":[0,0],"8":[0,0],"9":[0,0],"10":[0,0],"11":[0,0],"12":[0,0],"13":[0,0],"14":[0,0],"15":[0,0]},"_coverageSchema":"1a1c01bbd47fc00a2c39e90264f33305004495a9","hash":"e736af28fb985b8873ee7a3c27ae7a8522cf7083"}
,"/Users/drew/Documents/RPP30/BOC/stream-hopper/database/controllers/thumbRatings.js": {"path":"/Users/drew/Documents/RPP30/BOC/stream-hopper/database/controllers/thumbRatings.js","statementMap":{"0":{"start":{"line":1,"column":14},"end":{"line":1,"column":38}},"1":{"start":{"line":2,"column":26},"end":{"line":2,"column":65}},"2":{"start":{"line":3,"column":29},"end":{"line":3,"column":71}},"3":{"start":{"line":5,"column":25},"end":{"line":37,"column":1}},"4":{"start":{"line":6,"column":2},"end":{"line":36,"column":6}},"5":{"start":{"line":9,"column":6},"end":{"line":13,"column":7}},"6":{"start":{"line":10,"column":8},"end":{"line":10,"column":57}},"7":{"start":{"line":12,"column":8},"end":{"line":12,"column":33}},"8":{"start":{"line":14,"column":6},"end":{"line":32,"column":10}},"9":{"start":{"line":18,"column":10},"end":{"line":24,"column":11}},"10":{"start":{"line":19,"column":12},"end":{"line":19,"column":68}},"11":{"start":{"line":20,"column":12},"end":{"line":20,"column":72}},"12":{"start":{"line":22,"column":12},"end":{"line":22,"column":35}},"13":{"start":{"line":23,"column":12},"end":{"line":23,"column":37}},"14":{"start":{"line":25,"column":10},"end":{"line":31,"column":12}},"15":{"start":{"line":35,"column":6},"end":{"line":35,"column":68}},"16":{"start":{"line":39,"column":24},"end":{"line":115,"column":1}},"17":{"start":{"line":43,"column":2},"end":{"line":45,"column":3}},"18":{"start":{"line":44,"column":4},"end":{"line":44,"column":37}},"19":{"start":{"line":47,"column":2},"end":{"line":113,"column":3}},"20":{"start":{"line":52,"column":6},"end":{"line":111,"column":7}},"21":{"start":{"line":53,"column":8},"end":{"line":53,"column":90}},"22":{"start":{"line":54,"column":8},"end":{"line":54,"column":15}},"23":{"start":{"line":57,"column":8},"end":{"line":110,"column":12}},"24":{"start":{"line":60,"column":12},"end":{"line":109,"column":13}},"25":{"start":{"line":61,"column":30},"end":{"line":61,"column":31}},"26":{"start":{"line":62,"column":32},"end":{"line":62,"column":33}},"27":{"start":{"line":64,"column":14},"end":{"line":68,"column":15}},"28":{"start":{"line":65,"column":16},"end":{"line":65,"column":30}},"29":{"start":{"line":66,"column":21},"end":{"line":68,"column":15}},"30":{"start":{"line":67,"column":16},"end":{"line":67,"column":32}},"31":{"start":{"line":70,"column":14},"end":{"line":78,"column":18}},"32":{"start":{"line":72,"column":18},"end":{"line":72,"column":74}},"33":{"start":{"line":73,"column":18},"end":{"line":73,"column":25}},"34":{"start":{"line":76,"column":18},"end":{"line":76,"column":45}},"35":{"start":{"line":77,"column":18},"end":{"line":77,"column":25}},"36":{"start":{"line":81,"column":35},"end":{"line":81,"column":36}},"37":{"start":{"line":82,"column":37},"end":{"line":82,"column":38}},"38":{"start":{"line":84,"column":14},"end":{"line":88,"column":15}},"39":{"start":{"line":85,"column":16},"end":{"line":85,"column":37}},"40":{"start":{"line":86,"column":21},"end":{"line":88,"column":15}},"41":{"start":{"line":87,"column":16},"end":{"line":87,"column":39}},"42":{"start":{"line":90,"column":14},"end":{"line":94,"column":15}},"43":{"start":{"line":91,"column":16},"end":{"line":91,"column":36}},"44":{"start":{"line":92,"column":21},"end":{"line":94,"column":15}},"45":{"start":{"line":93,"column":16},"end":{"line":93,"column":38}},"46":{"start":{"line":96,"column":14},"end":{"line":108,"column":15}},"47":{"start":{"line":100,"column":18},"end":{"line":106,"column":19}},"48":{"start":{"line":101,"column":20},"end":{"line":101,"column":102}},"49":{"start":{"line":102,"column":20},"end":{"line":102,"column":27}},"50":{"start":{"line":104,"column":20},"end":{"line":104,"column":76}},"51":{"start":{"line":105,"column":20},"end":{"line":105,"column":27}},"52":{"start":{"line":117,"column":0},"end":{"line":117,"column":51}},"53":{"start":{"line":118,"column":0},"end":{"line":118,"column":49}}},"fnMap":{"0":{"name":"(anonymous_0)","decl":{"start":{"line":5,"column":25},"end":{"line":5,"column":26}},"loc":{"start":{"line":5,"column":45},"end":{"line":37,"column":1}},"line":5},"1":{"name":"(anonymous_1)","decl":{"start":{"line":7,"column":10},"end":{"line":7,"column":11}},"loc":{"start":{"line":7,"column":37},"end":{"line":33,"column":5}},"line":7},"2":{"name":"(anonymous_2)","decl":{"start":{"line":15,"column":14},"end":{"line":15,"column":15}},"loc":{"start":{"line":15,"column":38},"end":{"line":32,"column":9}},"line":15},"3":{"name":"(anonymous_3)","decl":{"start":{"line":34,"column":11},"end":{"line":34,"column":12}},"loc":{"start":{"line":34,"column":22},"end":{"line":36,"column":5}},"line":34},"4":{"name":"(anonymous_4)","decl":{"start":{"line":39,"column":24},"end":{"line":39,"column":25}},"loc":{"start":{"line":39,"column":44},"end":{"line":115,"column":1}},"line":39},"5":{"name":"(anonymous_5)","decl":{"start":{"line":51,"column":4},"end":{"line":51,"column":5}},"loc":{"start":{"line":51,"column":31},"end":{"line":112,"column":5}},"line":51},"6":{"name":"(anonymous_6)","decl":{"start":{"line":58,"column":16},"end":{"line":58,"column":17}},"loc":{"start":{"line":58,"column":35},"end":{"line":110,"column":11}},"line":58},"7":{"name":"(anonymous_7)","decl":{"start":{"line":71,"column":22},"end":{"line":71,"column":23}},"loc":{"start":{"line":71,"column":28},"end":{"line":74,"column":17}},"line":71},"8":{"name":"(anonymous_8)","decl":{"start":{"line":75,"column":23},"end":{"line":75,"column":24}},"loc":{"start":{"line":75,"column":34},"end":{"line":78,"column":17}},"line":75},"9":{"name":"(anonymous_9)","decl":{"start":{"line":99,"column":16},"end":{"line":99,"column":17}},"loc":{"start":{"line":99,"column":43},"end":{"line":107,"column":17}},"line":99}},"branchMap":{"0":{"loc":{"start":{"line":9,"column":6},"end":{"line":13,"column":7}},"type":"if","locations":[{"start":{"line":9,"column":6},"end":{"line":13,"column":7}},{"start":{"line":11,"column":13},"end":{"line":13,"column":7}}],"line":9},"1":{"loc":{"start":{"line":18,"column":10},"end":{"line":24,"column":11}},"type":"if","locations":[{"start":{"line":18,"column":10},"end":{"line":24,"column":11}},{"start":{"line":21,"column":17},"end":{"line":24,"column":11}}],"line":18},"2":{"loc":{"start":{"line":19,"column":33},"end":{"line":19,"column":67}},"type":"binary-expr","locations":[{"start":{"line":19,"column":33},"end":{"line":19,"column":62}},{"start":{"line":19,"column":66},"end":{"line":19,"column":67}}],"line":19},"3":{"loc":{"start":{"line":20,"column":35},"end":{"line":20,"column":71}},"type":"binary-expr","locations":[{"start":{"line":20,"column":35},"end":{"line":20,"column":66}},{"start":{"line":20,"column":70},"end":{"line":20,"column":71}}],"line":20},"4":{"loc":{"start":{"line":43,"column":2},"end":{"line":45,"column":3}},"type":"if","locations":[{"start":{"line":43,"column":2},"end":{"line":45,"column":3}},{"start":{},"end":{}}],"line":43},"5":{"loc":{"start":{"line":52,"column":6},"end":{"line":111,"column":7}},"type":"if","locations":[{"start":{"line":52,"column":6},"end":{"line":111,"column":7}},{"start":{"line":55,"column":13},"end":{"line":111,"column":7}}],"line":52},"6":{"loc":{"start":{"line":60,"column":12},"end":{"line":109,"column":13}},"type":"if","locations":[{"start":{"line":60,"column":12},"end":{"line":109,"column":13}},{"start":{"line":79,"column":19},"end":{"line":109,"column":13}}],"line":60},"7":{"loc":{"start":{"line":64,"column":14},"end":{"line":68,"column":15}},"type":"if","locations":[{"start":{"line":64,"column":14},"end":{"line":68,"column":15}},{"start":{"line":66,"column":21},"end":{"line":68,"column":15}}],"line":64},"8":{"loc":{"start":{"line":66,"column":21},"end":{"line":68,"column":15}},"type":"if","locations":[{"start":{"line":66,"column":21},"end":{"line":68,"column":15}},{"start":{},"end":{}}],"line":66},"9":{"loc":{"start":{"line":84,"column":14},"end":{"line":88,"column":15}},"type":"if","locations":[{"start":{"line":84,"column":14},"end":{"line":88,"column":15}},{"start":{"line":86,"column":21},"end":{"line":88,"column":15}}],"line":84},"10":{"loc":{"start":{"line":86,"column":21},"end":{"line":88,"column":15}},"type":"if","locations":[{"start":{"line":86,"column":21},"end":{"line":88,"column":15}},{"start":{},"end":{}}],"line":86},"11":{"loc":{"start":{"line":90,"column":14},"end":{"line":94,"column":15}},"type":"if","locations":[{"start":{"line":90,"column":14},"end":{"line":94,"column":15}},{"start":{"line":92,"column":21},"end":{"line":94,"column":15}}],"line":90},"12":{"loc":{"start":{"line":92,"column":21},"end":{"line":94,"column":15}},"type":"if","locations":[{"start":{"line":92,"column":21},"end":{"line":94,"column":15}},{"start":{},"end":{}}],"line":92},"13":{"loc":{"start":{"line":100,"column":18},"end":{"line":106,"column":19}},"type":"if","locations":[{"start":{"line":100,"column":18},"end":{"line":106,"column":19}},{"start":{"line":103,"column":25},"end":{"line":106,"column":19}}],"line":100}},"s":{"0":1,"1":1,"2":1,"3":1,"4":0,"5":0,"6":0,"7":0,"8":0,"9":0,"10":0,"11":0,"12":0,"13":0,"14":0,"15":0,"16":1,"17":0,"18":0,"19":0,"20":0,"21":0,"22":0,"23":0,"24":0,"25":0,"26":0,"27":0,"28":0,"29":0,"30":0,"31":0,"32":0,"33":0,"34":0,"35":0,"36":0,"37":0,"38":0,"39":0,"40":0,"41":0,"42":0,"43":0,"44":0,"45":0,"46":0,"47":0,"48":0,"49":0,"50":0,"51":0,"52":1,"53":1},"f":{"0":0,"1":0,"2":0,"3":0,"4":0,"5":0,"6":0,"7":0,"8":0,"9":0},"b":{"0":[0,0],"1":[0,0],"2":[0,0],"3":[0,0],"4":[0,0],"5":[0,0],"6":[0,0],"7":[0,0],"8":[0,0],"9":[0,0],"10":[0,0],"11":[0,0],"12":[0,0],"13":[0,0]},"_coverageSchema":"1a1c01bbd47fc00a2c39e90264f33305004495a9","hash":"d6f45474d353417684b2b96712ae655f8435dbfe"}
,"/Users/drew/Documents/RPP30/BOC/stream-hopper/database/controllers/titleDetails.js": {"path":"/Users/drew/Documents/RPP30/BOC/stream-hopper/database/controllers/titleDetails.js","statementMap":{"0":{"start":{"line":1,"column":20},"end":{"line":1,"column":54}},"1":{"start":{"line":2,"column":14},"end":{"line":2,"column":38}},"2":{"start":{"line":5,"column":25},"end":{"line":118,"column":1}},"3":{"start":{"line":6,"column":24},"end":{"line":6,"column":26}},"4":{"start":{"line":9,"column":2},"end":{"line":20,"column":6}},"5":{"start":{"line":11,"column":6},"end":{"line":15,"column":7}},"6":{"start":{"line":12,"column":8},"end":{"line":12,"column":28}},"7":{"start":{"line":14,"column":8},"end":{"line":14,"column":29}},"8":{"start":{"line":18,"column":6},"end":{"line":18,"column":98}},"9":{"start":{"line":19,"column":6},"end":{"line":19,"column":13}},"10":{"start":{"line":23,"column":2},"end":{"line":30,"column":3}},"11":{"start":{"line":24,"column":4},"end":{"line":24,"column":31}},"12":{"start":{"line":25,"column":9},"end":{"line":30,"column":3}},"13":{"start":{"line":26,"column":4},"end":{"line":26,"column":33}},"14":{"start":{"line":28,"column":4},"end":{"line":28,"column":112}},"15":{"start":{"line":29,"column":4},"end":{"line":29,"column":11}},"16":{"start":{"line":32,"column":2},"end":{"line":116,"column":8}},"17":{"start":{"line":41,"column":22},"end":{"line":41,"column":69}},"18":{"start":{"line":43,"column":8},"end":{"line":111,"column":12}},"19":{"start":{"line":53,"column":12},"end":{"line":92,"column":13}},"20":{"start":{"line":54,"column":14},"end":{"line":76,"column":18}},"21":{"start":{"line":62,"column":18},"end":{"line":75,"column":19}},"22":{"start":{"line":78,"column":14},"end":{"line":91,"column":15}},"23":{"start":{"line":95,"column":12},"end":{"line":108,"column":16}},"24":{"start":{"line":101,"column":16},"end":{"line":103,"column":17}},"25":{"start":{"line":102,"column":18},"end":{"line":102,"column":109}},"26":{"start":{"line":106,"column":16},"end":{"line":106,"column":94}},"27":{"start":{"line":107,"column":16},"end":{"line":107,"column":23}},"28":{"start":{"line":110,"column":12},"end":{"line":110,"column":45}},"29":{"start":{"line":114,"column":8},"end":{"line":114,"column":90}},"30":{"start":{"line":115,"column":8},"end":{"line":115,"column":15}},"31":{"start":{"line":120,"column":0},"end":{"line":120,"column":51}}},"fnMap":{"0":{"name":"(anonymous_0)","decl":{"start":{"line":5,"column":25},"end":{"line":5,"column":26}},"loc":{"start":{"line":5,"column":45},"end":{"line":118,"column":1}},"line":5},"1":{"name":"(anonymous_1)","decl":{"start":{"line":10,"column":10},"end":{"line":10,"column":11}},"loc":{"start":{"line":10,"column":26},"end":{"line":16,"column":5}},"line":10},"2":{"name":"(anonymous_2)","decl":{"start":{"line":17,"column":11},"end":{"line":17,"column":12}},"loc":{"start":{"line":17,"column":22},"end":{"line":20,"column":5}},"line":17},"3":{"name":"(anonymous_3)","decl":{"start":{"line":40,"column":12},"end":{"line":40,"column":13}},"loc":{"start":{"line":40,"column":41},"end":{"line":112,"column":7}},"line":40},"4":{"name":"(anonymous_4)","decl":{"start":{"line":50,"column":16},"end":{"line":50,"column":17}},"loc":{"start":{"line":50,"column":40},"end":{"line":111,"column":11}},"line":50},"5":{"name":"(anonymous_5)","decl":{"start":{"line":61,"column":22},"end":{"line":61,"column":23}},"loc":{"start":{"line":61,"column":43},"end":{"line":76,"column":17}},"line":61},"6":{"name":"(anonymous_6)","decl":{"start":{"line":100,"column":20},"end":{"line":100,"column":21}},"loc":{"start":{"line":100,"column":38},"end":{"line":104,"column":15}},"line":100},"7":{"name":"(anonymous_7)","decl":{"start":{"line":105,"column":21},"end":{"line":105,"column":22}},"loc":{"start":{"line":105,"column":32},"end":{"line":108,"column":15}},"line":105},"8":{"name":"(anonymous_8)","decl":{"start":{"line":113,"column":13},"end":{"line":113,"column":14}},"loc":{"start":{"line":113,"column":24},"end":{"line":116,"column":7}},"line":113}},"branchMap":{"0":{"loc":{"start":{"line":11,"column":6},"end":{"line":15,"column":7}},"type":"if","locations":[{"start":{"line":11,"column":6},"end":{"line":15,"column":7}},{"start":{"line":13,"column":13},"end":{"line":15,"column":7}}],"line":11},"1":{"loc":{"start":{"line":23,"column":2},"end":{"line":30,"column":3}},"type":"if","locations":[{"start":{"line":23,"column":2},"end":{"line":30,"column":3}},{"start":{"line":25,"column":9},"end":{"line":30,"column":3}}],"line":23},"2":{"loc":{"start":{"line":25,"column":9},"end":{"line":30,"column":3}},"type":"if","locations":[{"start":{"line":25,"column":9},"end":{"line":30,"column":3}},{"start":{"line":27,"column":9},"end":{"line":30,"column":3}}],"line":25},"3":{"loc":{"start":{"line":53,"column":12},"end":{"line":92,"column":13}},"type":"if","locations":[{"start":{"line":53,"column":12},"end":{"line":92,"column":13}},{"start":{"line":77,"column":19},"end":{"line":92,"column":13}}],"line":53},"4":{"loc":{"start":{"line":101,"column":16},"end":{"line":103,"column":17}},"type":"if","locations":[{"start":{"line":101,"column":16},"end":{"line":103,"column":17}},{"start":{},"end":{}}],"line":101},"5":{"loc":{"start":{"line":101,"column":20},"end":{"line":101,"column":65}},"type":"binary-expr","locations":[{"start":{"line":101,"column":20},"end":{"line":101,"column":32}},{"start":{"line":101,"column":36},"end":{"line":101,"column":65}}],"line":101}},"s":{"0":1,"1":1,"2":1,"3":0,"4":0,"5":0,"6":0,"7":0,"8":0,"9":0,"10":0,"11":0,"12":0,"13":0,"14":0,"15":0,"16":0,"17":0,"18":0,"19":0,"20":0,"21":0,"22":0,"23":0,"24":0,"25":0,"26":0,"27":0,"28":0,"29":0,"30":0,"31":1},"f":{"0":0,"1":0,"2":0,"3":0,"4":0,"5":0,"6":0,"7":0,"8":0},"b":{"0":[0,0],"1":[0,0],"2":[0,0],"3":[0,0],"4":[0,0],"5":[0,0]},"_coverageSchema":"1a1c01bbd47fc00a2c39e90264f33305004495a9","hash":"5e819e7944937ef357219cc6f7e5a665de48bf03"}
,"/Users/drew/Documents/RPP30/BOC/stream-hopper/database/controllers/titleReviews.js": {"path":"/Users/drew/Documents/RPP30/BOC/stream-hopper/database/controllers/titleReviews.js","statementMap":{"0":{"start":{"line":1,"column":14},"end":{"line":1,"column":38}},"1":{"start":{"line":2,"column":21},"end":{"line":2,"column":57}},"2":{"start":{"line":4,"column":25},"end":{"line":15,"column":1}},"3":{"start":{"line":6,"column":2},"end":{"line":14,"column":6}},"4":{"start":{"line":8,"column":6},"end":{"line":8,"column":45}},"5":{"start":{"line":11,"column":6},"end":{"line":11,"column":57}},"6":{"start":{"line":12,"column":6},"end":{"line":12,"column":34}},"7":{"start":{"line":13,"column":6},"end":{"line":13,"column":13}},"8":{"start":{"line":17,"column":23},"end":{"line":27,"column":1}},"9":{"start":{"line":19,"column":2},"end":{"line":26,"column":6}},"10":{"start":{"line":21,"column":6},"end":{"line":21,"column":56}},"11":{"start":{"line":24,"column":6},"end":{"line":24,"column":34}},"12":{"start":{"line":25,"column":6},"end":{"line":25,"column":13}},"13":{"start":{"line":29,"column":0},"end":{"line":29,"column":51}},"14":{"start":{"line":30,"column":0},"end":{"line":30,"column":47}}},"fnMap":{"0":{"name":"(anonymous_0)","decl":{"start":{"line":4,"column":25},"end":{"line":4,"column":26}},"loc":{"start":{"line":4,"column":45},"end":{"line":15,"column":1}},"line":4},"1":{"name":"(anonymous_1)","decl":{"start":{"line":7,"column":10},"end":{"line":7,"column":11}},"loc":{"start":{"line":7,"column":23},"end":{"line":9,"column":5}},"line":7},"2":{"name":"(anonymous_2)","decl":{"start":{"line":10,"column":11},"end":{"line":10,"column":12}},"loc":{"start":{"line":10,"column":22},"end":{"line":14,"column":5}},"line":10},"3":{"name":"(anonymous_3)","decl":{"start":{"line":17,"column":23},"end":{"line":17,"column":24}},"loc":{"start":{"line":17,"column":43},"end":{"line":27,"column":1}},"line":17},"4":{"name":"(anonymous_4)","decl":{"start":{"line":20,"column":10},"end":{"line":20,"column":11}},"loc":{"start":{"line":20,"column":16},"end":{"line":22,"column":5}},"line":20},"5":{"name":"(anonymous_5)","decl":{"start":{"line":23,"column":11},"end":{"line":23,"column":12}},"loc":{"start":{"line":23,"column":22},"end":{"line":26,"column":5}},"line":23}},"branchMap":{},"s":{"0":1,"1":1,"2":1,"3":0,"4":0,"5":0,"6":0,"7":0,"8":1,"9":0,"10":0,"11":0,"12":0,"13":1,"14":1},"f":{"0":0,"1":0,"2":0,"3":0,"4":0,"5":0},"b":{},"_coverageSchema":"1a1c01bbd47fc00a2c39e90264f33305004495a9","hash":"8092866a8bbd91a6b2387ab2d85e96ddf83517ee"}
,"/Users/drew/Documents/RPP30/BOC/stream-hopper/database/controllers/trendingTitles.js": {"path":"/Users/drew/Documents/RPP30/BOC/stream-hopper/database/controllers/trendingTitles.js","statementMap":{"0":{"start":{"line":1,"column":20},"end":{"line":1,"column":54}},"1":{"start":{"line":2,"column":14},"end":{"line":2,"column":38}},"2":{"start":{"line":5,"column":27},"end":{"line":53,"column":1}},"3":{"start":{"line":6,"column":22},"end":{"line":6,"column":24}},"4":{"start":{"line":7,"column":24},"end":{"line":7,"column":26}},"5":{"start":{"line":9,"column":2},"end":{"line":18,"column":6}},"6":{"start":{"line":11,"column":6},"end":{"line":13,"column":7}},"7":{"start":{"line":11,"column":19},"end":{"line":11,"column":20}},"8":{"start":{"line":12,"column":8},"end":{"line":12,"column":55}},"9":{"start":{"line":16,"column":6},"end":{"line":16,"column":81}},"10":{"start":{"line":17,"column":6},"end":{"line":17,"column":13}},"11":{"start":{"line":20,"column":21},"end":{"line":20,"column":23}},"12":{"start":{"line":21,"column":4},"end":{"line":49,"column":8}},"13":{"start":{"line":27,"column":8},"end":{"line":44,"column":9}},"14":{"start":{"line":27,"column":21},"end":{"line":27,"column":22}},"15":{"start":{"line":28,"column":10},"end":{"line":43,"column":11}},"16":{"start":{"line":30,"column":12},"end":{"line":34,"column":13}},"17":{"start":{"line":31,"column":14},"end":{"line":31,"column":99}},"18":{"start":{"line":33,"column":14},"end":{"line":33,"column":60}},"19":{"start":{"line":35,"column":40},"end":{"line":40,"column":13}},"20":{"start":{"line":41,"column":12},"end":{"line":41,"column":53}},"21":{"start":{"line":42,"column":12},"end":{"line":42,"column":64}},"22":{"start":{"line":47,"column":8},"end":{"line":47,"column":96}},"23":{"start":{"line":48,"column":8},"end":{"line":48,"column":15}},"24":{"start":{"line":51,"column":2},"end":{"line":51,"column":36}},"25":{"start":{"line":55,"column":0},"end":{"line":55,"column":55}}},"fnMap":{"0":{"name":"(anonymous_0)","decl":{"start":{"line":5,"column":27},"end":{"line":5,"column":28}},"loc":{"start":{"line":5,"column":47},"end":{"line":53,"column":1}},"line":5},"1":{"name":"(anonymous_1)","decl":{"start":{"line":10,"column":10},"end":{"line":10,"column":11}},"loc":{"start":{"line":10,"column":27},"end":{"line":14,"column":5}},"line":10},"2":{"name":"(anonymous_2)","decl":{"start":{"line":15,"column":11},"end":{"line":15,"column":12}},"loc":{"start":{"line":15,"column":22},"end":{"line":18,"column":5}},"line":15},"3":{"name":"(anonymous_3)","decl":{"start":{"line":26,"column":12},"end":{"line":26,"column":13}},"loc":{"start":{"line":26,"column":26},"end":{"line":45,"column":7}},"line":26},"4":{"name":"(anonymous_4)","decl":{"start":{"line":46,"column":13},"end":{"line":46,"column":14}},"loc":{"start":{"line":46,"column":24},"end":{"line":49,"column":7}},"line":46}},"branchMap":{"0":{"loc":{"start":{"line":28,"column":10},"end":{"line":43,"column":11}},"type":"if","locations":[{"start":{"line":28,"column":10},"end":{"line":43,"column":11}},{"start":{},"end":{}}],"line":28},"1":{"loc":{"start":{"line":30,"column":12},"end":{"line":34,"column":13}},"type":"if","locations":[{"start":{"line":30,"column":12},"end":{"line":34,"column":13}},{"start":{"line":32,"column":19},"end":{"line":34,"column":13}}],"line":30},"2":{"loc":{"start":{"line":39,"column":29},"end":{"line":39,"column":82}},"type":"binary-expr","locations":[{"start":{"line":39,"column":29},"end":{"line":39,"column":73}},{"start":{"line":39,"column":77},"end":{"line":39,"column":82}}],"line":39}},"s":{"0":1,"1":1,"2":1,"3":0,"4":0,"5":0,"6":0,"7":0,"8":0,"9":0,"10":0,"11":0,"12":0,"13":0,"14":0,"15":0,"16":0,"17":0,"18":0,"19":0,"20":0,"21":0,"22":0,"23":0,"24":0,"25":1},"f":{"0":0,"1":0,"2":0,"3":0,"4":0},"b":{"0":[0,0],"1":[0,0],"2":[0,0]},"_coverageSchema":"1a1c01bbd47fc00a2c39e90264f33305004495a9","hash":"2f960239244fd463be97a17bc20bd8121fc36670"}
,"/Users/drew/Documents/RPP30/BOC/stream-hopper/database/models/overallStreamRating.js": {"path":"/Users/drew/Documents/RPP30/BOC/stream-hopper/database/models/overallStreamRating.js","statementMap":{"0":{"start":{"line":1,"column":17},"end":{"line":1,"column":36}},"1":{"start":{"line":3,"column":34},"end":{"line":15,"column":1}},"2":{"start":{"line":17,"column":30},"end":{"line":17,"column":96}},"3":{"start":{"line":19,"column":0},"end":{"line":19,"column":39}}},"fnMap":{},"branchMap":{},"s":{"0":1,"1":1,"2":1,"3":1},"f":{},"b":{},"_coverageSchema":"1a1c01bbd47fc00a2c39e90264f33305004495a9","hash":"0aa7739f6c8c5185c34a996456a01dba15277492"}
,"/Users/drew/Documents/RPP30/BOC/stream-hopper/database/models/overallThumbRating.js": {"path":"/Users/drew/Documents/RPP30/BOC/stream-hopper/database/models/overallThumbRating.js","statementMap":{"0":{"start":{"line":1,"column":17},"end":{"line":1,"column":36}},"1":{"start":{"line":3,"column":33},"end":{"line":9,"column":1}},"2":{"start":{"line":11,"column":29},"end":{"line":11,"column":93}},"3":{"start":{"line":13,"column":0},"end":{"line":13,"column":38}}},"fnMap":{},"branchMap":{},"s":{"0":1,"1":1,"2":1,"3":1},"f":{},"b":{},"_coverageSchema":"1a1c01bbd47fc00a2c39e90264f33305004495a9","hash":"58e3d2dadd75acda9eaa75ed2c2d084ac5a1d253"}
,"/Users/drew/Documents/RPP30/BOC/stream-hopper/database/models/savedTitle.js": {"path":"/Users/drew/Documents/RPP30/BOC/stream-hopper/database/models/savedTitle.js","statementMap":{"0":{"start":{"line":1,"column":17},"end":{"line":1,"column":36}},"1":{"start":{"line":3,"column":25},"end":{"line":11,"column":1}},"2":{"start":{"line":13,"column":20},"end":{"line":13,"column":67}},"3":{"start":{"line":15,"column":0},"end":{"line":15,"column":29}}},"fnMap":{},"branchMap":{},"s":{"0":1,"1":1,"2":1,"3":1},"f":{},"b":{},"_coverageSchema":"1a1c01bbd47fc00a2c39e90264f33305004495a9","hash":"b559a1d004effcfdd6e312f45c81eb1414f4c87d"}
,"/Users/drew/Documents/RPP30/BOC/stream-hopper/database/models/titleReviews.js": {"path":"/Users/drew/Documents/RPP30/BOC/stream-hopper/database/models/titleReviews.js","statementMap":{"0":{"start":{"line":1,"column":17},"end":{"line":1,"column":36}},"1":{"start":{"line":3,"column":26},"end":{"line":12,"column":1}},"2":{"start":{"line":14,"column":21},"end":{"line":14,"column":70}},"3":{"start":{"line":16,"column":0},"end":{"line":16,"column":30}}},"fnMap":{},"branchMap":{},"s":{"0":1,"1":1,"2":1,"3":1},"f":{},"b":{},"_coverageSchema":"1a1c01bbd47fc00a2c39e90264f33305004495a9","hash":"3b5ed2e64012fdd4158cc4c686ca8266e06a993f"}
,"/Users/drew/Documents/RPP30/BOC/stream-hopper/database/models/userStreamRating.js": {"path":"/Users/drew/Documents/RPP30/BOC/stream-hopper/database/models/userStreamRating.js","statementMap":{"0":{"start":{"line":1,"column":17},"end":{"line":1,"column":36}},"1":{"start":{"line":3,"column":31},"end":{"line":15,"column":1}},"2":{"start":{"line":17,"column":27},"end":{"line":17,"column":87}},"3":{"start":{"line":19,"column":0},"end":{"line":19,"column":36}}},"fnMap":{},"branchMap":{},"s":{"0":1,"1":1,"2":1,"3":1},"f":{},"b":{},"_coverageSchema":"1a1c01bbd47fc00a2c39e90264f33305004495a9","hash":"bb907414a257b0e95222021e8427ead129302e2f"}
,"/Users/drew/Documents/RPP30/BOC/stream-hopper/database/models/userThumbRating.js": {"path":"/Users/drew/Documents/RPP30/BOC/stream-hopper/database/models/userThumbRating.js","statementMap":{"0":{"start":{"line":1,"column":17},"end":{"line":1,"column":36}},"1":{"start":{"line":3,"column":30},"end":{"line":9,"column":1}},"2":{"start":{"line":11,"column":26},"end":{"line":11,"column":84}},"3":{"start":{"line":13,"column":0},"end":{"line":13,"column":35}}},"fnMap":{},"branchMap":{},"s":{"0":1,"1":1,"2":1,"3":1},"f":{},"b":{},"_coverageSchema":"1a1c01bbd47fc00a2c39e90264f33305004495a9","hash":"034afae05ce090bea18c23ff88212b196b77d650"}
,"/Users/drew/Documents/RPP30/BOC/stream-hopper/server/app.js": {"path":"/Users/drew/Documents/RPP30/BOC/stream-hopper/server/app.js","statementMap":{"0":{"start":{"line":1,"column":0},"end":{"line":1,"column":27}},"1":{"start":{"line":2,"column":13},"end":{"line":2,"column":28}},"2":{"start":{"line":3,"column":16},"end":{"line":3,"column":34}},"3":{"start":{"line":4,"column":13},"end":{"line":4,"column":28}},"4":{"start":{"line":6,"column":26},"end":{"line":6,"column":66}},"5":{"start":{"line":7,"column":28},"end":{"line":7,"column":70}},"6":{"start":{"line":8,"column":27},"end":{"line":8,"column":68}},"7":{"start":{"line":9,"column":21},"end":{"line":9,"column":56}},"8":{"start":{"line":10,"column":21},"end":{"line":10,"column":56}},"9":{"start":{"line":11,"column":22},"end":{"line":11,"column":58}},"10":{"start":{"line":12,"column":22},"end":{"line":12,"column":58}},"11":{"start":{"line":13,"column":23},"end":{"line":13,"column":66}},"12":{"start":{"line":14,"column":24},"end":{"line":14,"column":68}},"13":{"start":{"line":15,"column":21},"end":{"line":15,"column":62}},"14":{"start":{"line":35,"column":14},"end":{"line":35,"column":23}},"15":{"start":{"line":37,"column":2},"end":{"line":37,"column":47}},"16":{"start":{"line":38,"column":2},"end":{"line":38,"column":26}},"17":{"start":{"line":39,"column":2},"end":{"line":39,"column":18}},"18":{"start":{"line":40,"column":2},"end":{"line":40,"column":72}},"19":{"start":{"line":41,"column":2},"end":{"line":41,"column":78}},"20":{"start":{"line":43,"column":2},"end":{"line":43,"column":49}},"21":{"start":{"line":44,"column":2},"end":{"line":44,"column":53}},"22":{"start":{"line":45,"column":2},"end":{"line":45,"column":51}},"23":{"start":{"line":46,"column":2},"end":{"line":46,"column":39}},"24":{"start":{"line":47,"column":2},"end":{"line":47,"column":45}},"25":{"start":{"line":48,"column":2},"end":{"line":48,"column":47}},"26":{"start":{"line":49,"column":2},"end":{"line":49,"column":47}},"27":{"start":{"line":50,"column":2},"end":{"line":50,"column":49}},"28":{"start":{"line":51,"column":2},"end":{"line":51,"column":51}},"29":{"start":{"line":52,"column":2},"end":{"line":52,"column":45}},"30":{"start":{"line":54,"column":2},"end":{"line":56,"column":5}},"31":{"start":{"line":55,"column":4},"end":{"line":55,"column":69}},"32":{"start":{"line":58,"column":2},"end":{"line":60,"column":5}},"33":{"start":{"line":59,"column":4},"end":{"line":59,"column":69}},"34":{"start":{"line":64,"column":0},"end":{"line":64,"column":21}}},"fnMap":{"0":{"name":"(anonymous_0)","decl":{"start":{"line":54,"column":24},"end":{"line":54,"column":25}},"loc":{"start":{"line":54,"column":38},"end":{"line":56,"column":3}},"line":54},"1":{"name":"(anonymous_1)","decl":{"start":{"line":58,"column":32},"end":{"line":58,"column":33}},"loc":{"start":{"line":58,"column":46},"end":{"line":60,"column":3}},"line":58}},"branchMap":{},"s":{"0":1,"1":1,"2":1,"3":1,"4":1,"5":1,"6":1,"7":1,"8":1,"9":1,"10":1,"11":1,"12":1,"13":1,"14":1,"15":1,"16":1,"17":1,"18":1,"19":1,"20":1,"21":1,"22":1,"23":1,"24":1,"25":1,"26":1,"27":1,"28":1,"29":1,"30":1,"31":0,"32":1,"33":0,"34":1},"f":{"0":0,"1":0},"b":{},"_coverageSchema":"1a1c01bbd47fc00a2c39e90264f33305004495a9","hash":"b20f18364b417a53b87d761531d7d10dc4cfd2df"}
,"/Users/drew/Documents/RPP30/BOC/stream-hopper/server/routes/relatedTitlesRoutes.js": {"path":"/Users/drew/Documents/RPP30/BOC/stream-hopper/server/routes/relatedTitlesRoutes.js","statementMap":{"0":{"start":{"line":1,"column":16},"end":{"line":1,"column":34}},"1":{"start":{"line":2,"column":15},"end":{"line":2,"column":31}},"2":{"start":{"line":3,"column":33},"end":{"line":3,"column":87}},"3":{"start":{"line":5,"column":0},"end":{"line":5,"column":60}},"4":{"start":{"line":7,"column":0},"end":{"line":7,"column":24}}},"fnMap":{},"branchMap":{},"s":{"0":1,"1":1,"2":1,"3":1,"4":1},"f":{},"b":{},"_coverageSchema":"1a1c01bbd47fc00a2c39e90264f33305004495a9","hash":"c46b77322390414901a66be8c149ad29b6518985"}
,"/Users/drew/Documents/RPP30/BOC/stream-hopper/server/routes/savedTitlesRoutes.js": {"path":"/Users/drew/Documents/RPP30/BOC/stream-hopper/server/routes/savedTitlesRoutes.js","statementMap":{"0":{"start":{"line":1,"column":16},"end":{"line":1,"column":34}},"1":{"start":{"line":2,"column":15},"end":{"line":2,"column":31}},"2":{"start":{"line":3,"column":31},"end":{"line":3,"column":83}},"3":{"start":{"line":5,"column":0},"end":{"line":5,"column":56}},"4":{"start":{"line":6,"column":0},"end":{"line":6,"column":55}},"5":{"start":{"line":7,"column":0},"end":{"line":7,"column":59}},"6":{"start":{"line":9,"column":0},"end":{"line":9,"column":24}}},"fnMap":{},"branchMap":{},"s":{"0":1,"1":1,"2":1,"3":1,"4":1,"5":1,"6":1},"f":{},"b":{},"_coverageSchema":"1a1c01bbd47fc00a2c39e90264f33305004495a9","hash":"af06c4bc447c44222c47ab3c52798a014d2e28aa"}
,"/Users/drew/Documents/RPP30/BOC/stream-hopper/server/routes/searchRoutes.js": {"path":"/Users/drew/Documents/RPP30/BOC/stream-hopper/server/routes/searchRoutes.js","statementMap":{"0":{"start":{"line":1,"column":16},"end":{"line":1,"column":34}},"1":{"start":{"line":2,"column":15},"end":{"line":2,"column":31}},"2":{"start":{"line":3,"column":14},"end":{"line":3,"column":38}},"3":{"start":{"line":5,"column":0},"end":{"line":40,"column":3}},"4":{"start":{"line":7,"column":2},"end":{"line":39,"column":8}},"5":{"start":{"line":15,"column":33},"end":{"line":15,"column":35}},"6":{"start":{"line":17,"column":8},"end":{"line":34,"column":9}},"7":{"start":{"line":17,"column":21},"end":{"line":17,"column":22}},"8":{"start":{"line":18,"column":10},"end":{"line":33,"column":11}},"9":{"start":{"line":19,"column":35},"end":{"line":19,"column":59}},"10":{"start":{"line":21,"column":12},"end":{"line":25,"column":13}},"11":{"start":{"line":22,"column":14},"end":{"line":22,"column":90}},"12":{"start":{"line":24,"column":14},"end":{"line":24,"column":59}},"13":{"start":{"line":26,"column":12},"end":{"line":32,"column":14}},"14":{"start":{"line":35,"column":8},"end":{"line":35,"column":49}},"15":{"start":{"line":38,"column":8},"end":{"line":38,"column":91}},"16":{"start":{"line":42,"column":0},"end":{"line":42,"column":24}}},"fnMap":{"0":{"name":"(anonymous_0)","decl":{"start":{"line":5,"column":16},"end":{"line":5,"column":17}},"loc":{"start":{"line":5,"column":36},"end":{"line":40,"column":1}},"line":5},"1":{"name":"(anonymous_1)","decl":{"start":{"line":14,"column":12},"end":{"line":14,"column":13}},"loc":{"start":{"line":14,"column":32},"end":{"line":36,"column":7}},"line":14},"2":{"name":"(anonymous_2)","decl":{"start":{"line":37,"column":13},"end":{"line":37,"column":14}},"loc":{"start":{"line":37,"column":24},"end":{"line":39,"column":7}},"line":37}},"branchMap":{"0":{"loc":{"start":{"line":18,"column":10},"end":{"line":33,"column":11}},"type":"if","locations":[{"start":{"line":18,"column":10},"end":{"line":33,"column":11}},{"start":{},"end":{}}],"line":18},"1":{"loc":{"start":{"line":18,"column":14},"end":{"line":18,"column":109}},"type":"binary-expr","locations":[{"start":{"line":18,"column":14},"end":{"line":18,"column":58}},{"start":{"line":18,"column":62},"end":{"line":18,"column":109}}],"line":18},"2":{"loc":{"start":{"line":21,"column":12},"end":{"line":25,"column":13}},"type":"if","locations":[{"start":{"line":21,"column":12},"end":{"line":25,"column":13}},{"start":{"line":23,"column":19},"end":{"line":25,"column":13}}],"line":21},"3":{"loc":{"start":{"line":29,"column":21},"end":{"line":29,"column":68}},"type":"binary-expr","locations":[{"start":{"line":29,"column":21},"end":{"line":29,"column":43}},{"start":{"line":29,"column":47},"end":{"line":29,"column":68}}],"line":29},"4":{"loc":{"start":{"line":30,"column":28},"end":{"line":30,"column":92}},"type":"binary-expr","locations":[{"start":{"line":30,"column":28},"end":{"line":30,"column":57}},{"start":{"line":30,"column":61},"end":{"line":30,"column":92}}],"line":30}},"s":{"0":1,"1":1,"2":1,"3":1,"4":0,"5":0,"6":0,"7":0,"8":0,"9":0,"10":0,"11":0,"12":0,"13":0,"14":0,"15":0,"16":1},"f":{"0":0,"1":0,"2":0},"b":{"0":[0,0],"1":[0,0],"2":[0,0],"3":[0,0],"4":[0,0]},"_coverageSchema":"1a1c01bbd47fc00a2c39e90264f33305004495a9","hash":"1df907e7cc0f887d113487327320eb1289b79bb6"}
,"/Users/drew/Documents/RPP30/BOC/stream-hopper/server/routes/spielbergTitlesRoutes.js": {"path":"/Users/drew/Documents/RPP30/BOC/stream-hopper/server/routes/spielbergTitlesRoutes.js","statementMap":{"0":{"start":{"line":1,"column":16},"end":{"line":1,"column":34}},"1":{"start":{"line":2,"column":15},"end":{"line":2,"column":31}},"2":{"start":{"line":3,"column":35},"end":{"line":3,"column":91}},"3":{"start":{"line":5,"column":0},"end":{"line":5,"column":64}},"4":{"start":{"line":7,"column":0},"end":{"line":7,"column":24}}},"fnMap":{},"branchMap":{},"s":{"0":1,"1":1,"2":1,"3":1,"4":1},"f":{},"b":{},"_coverageSchema":"1a1c01bbd47fc00a2c39e90264f33305004495a9","hash":"aa61a46288fe56ee316dc3a5f669af8c810671c5"}
,"/Users/drew/Documents/RPP30/BOC/stream-hopper/server/routes/streamRatings.js": {"path":"/Users/drew/Documents/RPP30/BOC/stream-hopper/server/routes/streamRatings.js","statementMap":{"0":{"start":{"line":1,"column":16},"end":{"line":1,"column":34}},"1":{"start":{"line":2,"column":15},"end":{"line":2,"column":31}},"2":{"start":{"line":3,"column":22},"end":{"line":3,"column":76}},"3":{"start":{"line":5,"column":0},"end":{"line":5,"column":49}},"4":{"start":{"line":6,"column":0},"end":{"line":6,"column":49}},"5":{"start":{"line":8,"column":0},"end":{"line":8,"column":24}}},"fnMap":{},"branchMap":{},"s":{"0":1,"1":1,"2":1,"3":1,"4":1,"5":1},"f":{},"b":{},"_coverageSchema":"1a1c01bbd47fc00a2c39e90264f33305004495a9","hash":"ef3677782967c153f5692764d4f841ab9c1771a0"}
,"/Users/drew/Documents/RPP30/BOC/stream-hopper/server/routes/streamSources.js": {"path":"/Users/drew/Documents/RPP30/BOC/stream-hopper/server/routes/streamSources.js","statementMap":{"0":{"start":{"line":1,"column":16},"end":{"line":1,"column":34}},"1":{"start":{"line":2,"column":15},"end":{"line":2,"column":31}},"2":{"start":{"line":3,"column":14},"end":{"line":3,"column":38}},"3":{"start":{"line":4,"column":33},"end":{"line":4,"column":87}},"4":{"start":{"line":6,"column":0},"end":{"line":50,"column":3}},"5":{"start":{"line":8,"column":2},"end":{"line":15,"column":3}},"6":{"start":{"line":9,"column":4},"end":{"line":9,"column":31}},"7":{"start":{"line":10,"column":9},"end":{"line":15,"column":3}},"8":{"start":{"line":11,"column":4},"end":{"line":11,"column":34}},"9":{"start":{"line":13,"column":4},"end":{"line":13,"column":112}},"10":{"start":{"line":14,"column":4},"end":{"line":14,"column":11}},"11":{"start":{"line":17,"column":2},"end":{"line":49,"column":6}},"12":{"start":{"line":26,"column":25},"end":{"line":26,"column":58}},"13":{"start":{"line":28,"column":6},"end":{"line":45,"column":10}},"14":{"start":{"line":35,"column":10},"end":{"line":43,"column":13}},"15":{"start":{"line":36,"column":30},"end":{"line":36,"column":89}},"16":{"start":{"line":37,"column":12},"end":{"line":41,"column":13}},"17":{"start":{"line":42,"column":12},"end":{"line":42,"column":36}},"18":{"start":{"line":44,"column":10},"end":{"line":44,"column":45}},"19":{"start":{"line":48,"column":6},"end":{"line":48,"column":87}},"20":{"start":{"line":52,"column":0},"end":{"line":52,"column":24}}},"fnMap":{"0":{"name":"(anonymous_0)","decl":{"start":{"line":6,"column":16},"end":{"line":6,"column":17}},"loc":{"start":{"line":6,"column":36},"end":{"line":50,"column":1}},"line":6},"1":{"name":"(anonymous_1)","decl":{"start":{"line":25,"column":10},"end":{"line":25,"column":11}},"loc":{"start":{"line":25,"column":30},"end":{"line":46,"column":5}},"line":25},"2":{"name":"(anonymous_2)","decl":{"start":{"line":34,"column":14},"end":{"line":34,"column":15}},"loc":{"start":{"line":34,"column":27},"end":{"line":45,"column":9}},"line":34},"3":{"name":"(anonymous_3)","decl":{"start":{"line":35,"column":31},"end":{"line":35,"column":32}},"loc":{"start":{"line":35,"column":43},"end":{"line":43,"column":11}},"line":35},"4":{"name":"(anonymous_4)","decl":{"start":{"line":47,"column":11},"end":{"line":47,"column":12}},"loc":{"start":{"line":47,"column":22},"end":{"line":49,"column":5}},"line":47}},"branchMap":{"0":{"loc":{"start":{"line":8,"column":2},"end":{"line":15,"column":3}},"type":"if","locations":[{"start":{"line":8,"column":2},"end":{"line":15,"column":3}},{"start":{"line":10,"column":9},"end":{"line":15,"column":3}}],"line":8},"1":{"loc":{"start":{"line":10,"column":9},"end":{"line":15,"column":3}},"type":"if","locations":[{"start":{"line":10,"column":9},"end":{"line":15,"column":3}},{"start":{"line":12,"column":9},"end":{"line":15,"column":3}}],"line":10}},"s":{"0":1,"1":1,"2":1,"3":1,"4":1,"5":0,"6":0,"7":0,"8":0,"9":0,"10":0,"11":0,"12":0,"13":0,"14":0,"15":0,"16":0,"17":0,"18":0,"19":0,"20":1},"f":{"0":0,"1":0,"2":0,"3":0,"4":0},"b":{"0":[0,0],"1":[0,0]},"_coverageSchema":"1a1c01bbd47fc00a2c39e90264f33305004495a9","hash":"d766c3581333b5c2c6e7beae3e6637da8d0bc7af"}
,"/Users/drew/Documents/RPP30/BOC/stream-hopper/server/routes/thumbRatings.js": {"path":"/Users/drew/Documents/RPP30/BOC/stream-hopper/server/routes/thumbRatings.js","statementMap":{"0":{"start":{"line":1,"column":16},"end":{"line":1,"column":34}},"1":{"start":{"line":2,"column":15},"end":{"line":2,"column":31}},"2":{"start":{"line":3,"column":21},"end":{"line":3,"column":74}},"3":{"start":{"line":5,"column":0},"end":{"line":5,"column":47}},"4":{"start":{"line":6,"column":0},"end":{"line":6,"column":47}},"5":{"start":{"line":8,"column":0},"end":{"line":8,"column":24}}},"fnMap":{},"branchMap":{},"s":{"0":1,"1":1,"2":1,"3":1,"4":1,"5":1},"f":{},"b":{},"_coverageSchema":"1a1c01bbd47fc00a2c39e90264f33305004495a9","hash":"cf7c99d878e57ca022d61237e011fbf48877036b"}
,"/Users/drew/Documents/RPP30/BOC/stream-hopper/server/routes/titleDetailsRoutes.js": {"path":"/Users/drew/Documents/RPP30/BOC/stream-hopper/server/routes/titleDetailsRoutes.js","statementMap":{"0":{"start":{"line":60,"column":16},"end":{"line":60,"column":34}},"1":{"start":{"line":61,"column":15},"end":{"line":61,"column":31}},"2":{"start":{"line":62,"column":32},"end":{"line":62,"column":85}},"3":{"start":{"line":64,"column":0},"end":{"line":64,"column":58}},"4":{"start":{"line":66,"column":0},"end":{"line":66,"column":24}}},"fnMap":{},"branchMap":{},"s":{"0":1,"1":1,"2":1,"3":1,"4":1},"f":{},"b":{},"_coverageSchema":"1a1c01bbd47fc00a2c39e90264f33305004495a9","hash":"24c395c7d905146c3f9e623b3c193b4351f16fa1"}
,"/Users/drew/Documents/RPP30/BOC/stream-hopper/server/routes/titleReviewsRoutes.js": {"path":"/Users/drew/Documents/RPP30/BOC/stream-hopper/server/routes/titleReviewsRoutes.js","statementMap":{"0":{"start":{"line":1,"column":16},"end":{"line":1,"column":34}},"1":{"start":{"line":2,"column":15},"end":{"line":2,"column":31}},"2":{"start":{"line":3,"column":32},"end":{"line":3,"column":85}},"3":{"start":{"line":5,"column":0},"end":{"line":5,"column":58}},"4":{"start":{"line":6,"column":0},"end":{"line":6,"column":57}},"5":{"start":{"line":8,"column":0},"end":{"line":8,"column":24}}},"fnMap":{},"branchMap":{},"s":{"0":1,"1":1,"2":1,"3":1,"4":1,"5":1},"f":{},"b":{},"_coverageSchema":"1a1c01bbd47fc00a2c39e90264f33305004495a9","hash":"64071e2a73799d46b272ac9d2fd49b597fd34e47"}
,"/Users/drew/Documents/RPP30/BOC/stream-hopper/server/routes/trendingTitlesRoutes.js": {"path":"/Users/drew/Documents/RPP30/BOC/stream-hopper/server/routes/trendingTitlesRoutes.js","statementMap":{"0":{"start":{"line":1,"column":16},"end":{"line":1,"column":34}},"1":{"start":{"line":2,"column":15},"end":{"line":2,"column":31}},"2":{"start":{"line":3,"column":34},"end":{"line":3,"column":89}},"3":{"start":{"line":5,"column":0},"end":{"line":5,"column":62}},"4":{"start":{"line":7,"column":0},"end":{"line":7,"column":24}}},"fnMap":{},"branchMap":{},"s":{"0":1,"1":1,"2":1,"3":1,"4":1},"f":{},"b":{},"_coverageSchema":"1a1c01bbd47fc00a2c39e90264f33305004495a9","hash":"e13f68a12f9edb8a31310f6831ccf1a674a86fb7"}
}
