TN:
SF:database/index.js
FN:4,(anonymous_0)
FN:24,(anonymous_1)
FN:28,(anonymous_2)
FNF:3
FNH:3
FNDA:3,(anonymous_0)
FNDA:3,(anonymous_1)
FNDA:3,(anonymous_2)
DA:1,3
DA:2,3
DA:4,3
DA:7,3
DA:8,3
DA:9,3
DA:11,0
DA:14,3
DA:15,3
DA:16,3
DA:18,0
DA:19,0
DA:20,0
DA:24,3
DA:25,3
DA:28,3
DA:29,3
DA:32,3
DA:33,3
DA:34,3
LF:20
LH:16
BRDA:7,0,0,3
BRDA:7,0,1,0
BRF:2
BRH:1
end_of_record
TN:
SF:database/controllers/relatedTitles.js
FN:36,(anonymous_0)
FN:45,(anonymous_1)
FN:56,(anonymous_2)
FN:65,(anonymous_3)
FN:79,(anonymous_4)
FN:104,(anonymous_5)
FNF:6
FNH:4
FNDA:8,(anonymous_0)
FNDA:10,(anonymous_1)
FNDA:8,(anonymous_2)
FNDA:0,(anonymous_3)
FNDA:8,(anonymous_4)
FNDA:0,(anonymous_5)
DA:1,4
DA:2,4
DA:4,4
DA:36,4
DA:37,8
DA:38,28
DA:39,28
DA:40,28
DA:41,28
DA:45,4
DA:47,10
DA:48,10
DA:50,10
DA:51,2
DA:52,2
DA:55,8
DA:57,8
DA:58,8
DA:60,8
DA:61,8
DA:62,8
DA:66,0
DA:67,0
DA:70,8
DA:71,8
DA:72,8
DA:73,8
DA:74,8
DA:80,8
DA:81,40
DA:83,40
DA:84,40
DA:86,0
DA:88,40
DA:94,40
DA:95,0
DA:96,0
DA:98,40
DA:100,40
DA:105,0
DA:106,0
DA:110,8
DA:112,8
DA:113,8
DA:115,8
DA:119,4
LF:46
LH:39
BRDA:50,0,0,2
BRDA:50,0,1,8
BRDA:50,1,0,10
BRDA:50,1,1,8
BRDA:81,2,0,40
BRDA:81,2,1,0
BRDA:83,3,0,40
BRDA:83,3,1,0
BRDA:94,4,0,0
BRDA:94,4,1,40
BRDA:94,5,0,40
BRDA:94,5,1,0
BRF:12
BRH:8
end_of_record
TN:
SF:database/controllers/savedTitles.js
FN:4,(anonymous_0)
FN:11,(anonymous_1)
FN:17,(anonymous_2)
FN:24,(anonymous_3)
FN:44,(anonymous_4)
FN:52,(anonymous_5)
FN:60,(anonymous_6)
FN:65,(anonymous_7)
FN:68,(anonymous_8)
FN:74,(anonymous_9)
FN:82,(anonymous_10)
FN:91,(anonymous_11)
FN:100,(anonymous_12)
FNF:13
FNH:8
FNDA:8,(anonymous_0)
FNDA:6,(anonymous_1)
FNDA:0,(anonymous_2)
FNDA:29,(anonymous_3)
FNDA:23,(anonymous_4)
FNDA:0,(anonymous_5)
FNDA:21,(anonymous_6)
FNDA:19,(anonymous_7)
FNDA:0,(anonymous_8)
FNDA:0,(anonymous_9)
FNDA:9,(anonymous_10)
FNDA:5,(anonymous_11)
FNDA:0,(anonymous_12)
DA:1,4
DA:2,4
DA:4,4
DA:5,8
DA:6,2
DA:7,2
DA:10,6
DA:12,6
DA:13,2
DA:15,6
DA:18,0
DA:19,0
DA:20,0
DA:24,4
DA:25,29
DA:26,2
DA:27,2
DA:28,27
DA:29,2
DA:30,2
DA:31,25
DA:32,2
DA:33,2
DA:39,23
DA:45,23
DA:46,2
DA:47,2
DA:48,2
DA:50,21
DA:53,0
DA:54,0
DA:55,0
DA:58,23
DA:59,21
DA:61,21
DA:62,2
DA:64,19
DA:66,19
DA:69,0
DA:70,0
DA:75,0
DA:76,0
DA:82,4
DA:83,9
DA:84,2
DA:85,2
DA:86,7
DA:87,2
DA:88,2
DA:90,5
DA:92,5
DA:93,2
DA:94,2
DA:96,3
DA:97,3
DA:101,0
DA:102,0
DA:106,4
DA:107,4
DA:108,4
LF:60
LH:48
BRDA:5,0,0,2
BRDA:5,0,1,6
BRDA:5,1,0,8
BRDA:5,1,1,6
BRDA:25,2,0,2
BRDA:25,2,1,27
BRDA:25,3,0,29
BRDA:25,3,1,27
BRDA:28,4,0,2
BRDA:28,4,1,25
BRDA:28,5,0,27
BRDA:28,5,1,25
BRDA:31,6,0,2
BRDA:31,6,1,23
BRDA:31,7,0,25
BRDA:31,7,1,23
BRDA:31,7,2,23
BRDA:45,8,0,2
BRDA:45,8,1,21
BRDA:58,9,0,21
BRDA:58,9,1,2
BRDA:61,10,0,2
BRDA:61,10,1,19
BRDA:83,11,0,2
BRDA:83,11,1,7
BRDA:83,12,0,9
BRDA:83,12,1,7
BRDA:86,13,0,2
BRDA:86,13,1,5
BRDA:86,14,0,7
BRDA:86,14,1,5
BRDA:92,15,0,2
BRDA:92,15,1,3
BRF:33
BRH:33
end_of_record
TN:
SF:database/controllers/sourceDetails.js
FN:2674,(anonymous_0)
FNF:1
FNH:0
FNDA:0,(anonymous_0)
DA:1,4
DA:3,4
DA:2674,4
DA:2675,0
DA:2676,0
DA:2678,0
DA:2681,4
LF:7
LH:4
BRF:0
BRH:0
end_of_record
TN:
SF:database/controllers/spielbergTitles.js
FN:5,(anonymous_0)
FN:118,(anonymous_1)
FN:123,(anonymous_2)
FNF:3
FNH:2
FNDA:8,(anonymous_0)
FNDA:6,(anonymous_1)
FNDA:0,(anonymous_2)
DA:1,4
DA:2,4
DA:5,4
DA:7,8
DA:8,2
DA:9,2
DA:12,6
DA:115,6
DA:117,6
DA:119,6
DA:120,3
DA:124,0
DA:125,0
DA:128,6
DA:130,6
DA:131,120
DA:137,120
DA:140,6
DA:144,4
LF:19
LH:17
BRDA:7,0,0,2
BRDA:7,0,1,6
BRDA:7,1,0,8
BRDA:7,1,1,6
BRDA:135,2,0,120
BRDA:135,2,1,117
BRF:6
BRH:6
end_of_record
TN:
SF:database/controllers/streamRatings.js
FN:5,(anonymous_0)
FN:16,(anonymous_1)
FN:33,(anonymous_2)
FN:54,(anonymous_3)
FN:59,(anonymous_4)
FN:68,(anonymous_5)
FN:84,(anonymous_6)
FN:97,(anonymous_7)
FN:112,(anonymous_8)
FN:141,(anonymous_9)
FN:178,(anonymous_10)
FN:200,(anonymous_11)
FN:216,(anonymous_12)
FNF:13
FNH:0
FNDA:0,(anonymous_0)
FNDA:0,(anonymous_1)
FNDA:0,(anonymous_2)
FNDA:0,(anonymous_3)
FNDA:0,(anonymous_4)
FNDA:0,(anonymous_5)
FNDA:0,(anonymous_6)
FNDA:0,(anonymous_7)
FNDA:0,(anonymous_8)
FNDA:0,(anonymous_9)
FNDA:0,(anonymous_10)
FNDA:0,(anonymous_11)
FNDA:0,(anonymous_12)
DA:1,4
DA:2,4
DA:3,4
DA:5,4
DA:6,0
DA:17,0
DA:18,0
DA:20,0
DA:21,0
DA:22,0
DA:24,0
DA:34,0
DA:35,0
DA:37,0
DA:55,0
DA:59,4
DA:60,0
DA:70,0
DA:72,0
DA:85,0
DA:86,0
DA:87,0
DA:90,0
DA:99,0
DA:101,0
DA:113,0
DA:114,0
DA:115,0
DA:117,0
DA:118,0
DA:124,0
DA:142,0
DA:143,0
DA:144,0
DA:146,0
DA:147,0
DA:158,0
DA:159,0
DA:160,0
DA:163,0
DA:179,0
DA:180,0
DA:181,0
DA:184,0
DA:201,0
DA:202,0
DA:203,0
DA:205,0
DA:206,0
DA:217,0
DA:221,4
DA:222,4
LF:52
LH:7
BRDA:17,0,0,0
BRDA:17,0,1,0
BRDA:20,1,0,0
BRDA:20,1,1,0
BRDA:21,2,0,0
BRDA:21,2,1,0
BRDA:22,3,0,0
BRDA:22,3,1,0
BRDA:34,4,0,0
BRDA:34,4,1,0
BRDA:47,5,0,0
BRDA:47,5,1,0
BRDA:48,6,0,0
BRDA:48,6,1,0
BRDA:49,7,0,0
BRDA:49,7,1,0
BRDA:50,8,0,0
BRDA:50,8,1,0
BRDA:70,9,0,0
BRDA:70,9,1,0
BRDA:85,10,0,0
BRDA:85,10,1,0
BRDA:99,11,0,0
BRDA:99,11,1,0
BRDA:113,12,0,0
BRDA:113,12,1,0
BRDA:142,13,0,0
BRDA:142,13,1,0
BRDA:179,14,0,0
BRDA:179,14,1,0
BRDA:201,15,0,0
BRDA:201,15,1,0
BRF:32
BRH:0
end_of_record
TN:
SF:database/controllers/thumbRatings.js
FN:5,(anonymous_0)
FN:7,(anonymous_1)
FN:15,(anonymous_2)
FN:34,(anonymous_3)
FN:39,(anonymous_4)
FN:51,(anonymous_5)
FN:58,(anonymous_6)
FN:71,(anonymous_7)
FN:75,(anonymous_8)
FN:99,(anonymous_9)
FNF:10
FNH:0
FNDA:0,(anonymous_0)
FNDA:0,(anonymous_1)
FNDA:0,(anonymous_2)
FNDA:0,(anonymous_3)
FNDA:0,(anonymous_4)
FNDA:0,(anonymous_5)
FNDA:0,(anonymous_6)
FNDA:0,(anonymous_7)
FNDA:0,(anonymous_8)
FNDA:0,(anonymous_9)
DA:1,4
DA:2,4
DA:3,4
DA:5,4
DA:6,0
DA:9,0
DA:10,0
DA:12,0
DA:14,0
DA:18,0
DA:19,0
DA:20,0
DA:22,0
DA:23,0
DA:25,0
DA:35,0
DA:39,4
DA:43,0
DA:44,0
DA:47,0
DA:52,0
DA:53,0
DA:54,0
DA:57,0
DA:60,0
DA:61,0
DA:62,0
DA:64,0
DA:65,0
DA:66,0
DA:67,0
DA:70,0
DA:72,0
DA:73,0
DA:76,0
DA:77,0
DA:81,0
DA:82,0
DA:84,0
DA:85,0
DA:86,0
DA:87,0
DA:90,0
DA:91,0
DA:92,0
DA:93,0
DA:96,0
DA:100,0
DA:101,0
DA:102,0
DA:104,0
DA:105,0
DA:117,4
DA:118,4
LF:54
LH:7
BRDA:9,0,0,0
BRDA:9,0,1,0
BRDA:18,1,0,0
BRDA:18,1,1,0
BRDA:19,2,0,0
BRDA:19,2,1,0
BRDA:20,3,0,0
BRDA:20,3,1,0
BRDA:43,4,0,0
BRDA:43,4,1,0
BRDA:52,5,0,0
BRDA:52,5,1,0
BRDA:60,6,0,0
BRDA:60,6,1,0
BRDA:64,7,0,0
BRDA:64,7,1,0
BRDA:66,8,0,0
BRDA:66,8,1,0
BRDA:84,9,0,0
BRDA:84,9,1,0
BRDA:86,10,0,0
BRDA:86,10,1,0
BRDA:90,11,0,0
BRDA:90,11,1,0
BRDA:92,12,0,0
BRDA:92,12,1,0
BRDA:100,13,0,0
BRDA:100,13,1,0
BRF:28
BRH:0
end_of_record
TN:
SF:database/controllers/titleDetails.js
FN:4,(anonymous_0)
FN:6,(anonymous_1)
FN:13,(anonymous_2)
FN:19,(anonymous_3)
FN:41,(anonymous_4)
FN:54,(anonymous_5)
FN:65,(anonymous_6)
FN:79,(anonymous_7)
FN:98,(anonymous_8)
FN:104,(anonymous_9)
FN:116,(anonymous_10)
FN:122,(anonymous_11)
FN:129,(anonymous_12)
FN:136,(anonymous_13)
FN:146,(anonymous_14)
FN:152,(anonymous_15)
FNF:16
FNH:0
FNDA:0,(anonymous_0)
FNDA:0,(anonymous_1)
FNDA:0,(anonymous_2)
FNDA:0,(anonymous_3)
FNDA:0,(anonymous_4)
FNDA:0,(anonymous_5)
FNDA:0,(anonymous_6)
FNDA:0,(anonymous_7)
FNDA:0,(anonymous_8)
FNDA:0,(anonymous_9)
FNDA:0,(anonymous_10)
FNDA:0,(anonymous_11)
FNDA:0,(anonymous_12)
FNDA:0,(anonymous_13)
FNDA:0,(anonymous_14)
FNDA:0,(anonymous_15)
DA:1,4
DA:2,4
DA:4,4
DA:5,0
DA:7,0
DA:8,0
DA:10,0
DA:14,0
DA:19,4
DA:22,0
DA:23,0
DA:25,0
DA:26,0
DA:27,0
DA:28,0
DA:30,0
DA:33,0
DA:42,0
DA:43,0
DA:45,0
DA:47,0
DA:57,0
DA:58,0
DA:66,0
DA:80,0
DA:81,0
DA:84,0
DA:99,0
DA:100,0
DA:105,0
DA:106,0
DA:109,0
DA:110,0
DA:112,0
DA:116,4
DA:117,0
DA:123,0
DA:124,0
DA:126,0
DA:130,0
DA:136,4
DA:139,0
DA:147,0
DA:148,0
DA:149,0
DA:150,0
DA:153,0
DA:154,0
DA:159,4
LF:49
LH:7
BRDA:7,0,0,0
BRDA:7,0,1,0
BRDA:25,1,0,0
BRDA:25,1,1,0
BRDA:27,2,0,0
BRDA:27,2,1,0
BRDA:42,3,0,0
BRDA:42,3,1,0
BRDA:57,4,0,0
BRDA:57,4,1,0
BRDA:109,5,0,0
BRDA:109,5,1,0
BRDA:123,6,0,0
BRDA:123,6,1,0
BRDA:123,7,0,0
BRDA:123,7,1,0
BRF:16
BRH:0
end_of_record
TN:
SF:database/controllers/titleReviews.js
FN:4,(anonymous_0)
FN:7,(anonymous_1)
FN:10,(anonymous_2)
FN:17,(anonymous_3)
FN:20,(anonymous_4)
FN:23,(anonymous_5)
FNF:6
FNH:0
FNDA:0,(anonymous_0)
FNDA:0,(anonymous_1)
FNDA:0,(anonymous_2)
FNDA:0,(anonymous_3)
FNDA:0,(anonymous_4)
FNDA:0,(anonymous_5)
DA:1,4
DA:2,4
DA:4,4
DA:6,0
DA:8,0
DA:11,0
DA:12,0
DA:13,0
DA:17,4
DA:19,0
DA:21,0
DA:24,0
DA:25,0
DA:29,4
DA:30,4
LF:15
LH:6
BRF:0
BRH:0
end_of_record
TN:
SF:database/controllers/trendingTitles.js
FN:5,(anonymous_0)
FN:10,(anonymous_1)
FN:15,(anonymous_2)
FN:26,(anonymous_3)
FN:46,(anonymous_4)
FNF:5
FNH:0
FNDA:0,(anonymous_0)
FNDA:0,(anonymous_1)
FNDA:0,(anonymous_2)
FNDA:0,(anonymous_3)
FNDA:0,(anonymous_4)
DA:1,4
DA:2,4
DA:5,4
DA:6,0
DA:7,0
DA:9,0
DA:11,0
DA:12,0
DA:16,0
DA:17,0
DA:20,0
DA:21,0
DA:27,0
DA:28,0
DA:30,0
DA:31,0
DA:33,0
DA:35,0
DA:41,0
DA:42,0
DA:47,0
DA:48,0
DA:51,0
DA:55,4
LF:24
LH:4
BRDA:28,0,0,0
BRDA:28,0,1,0
BRDA:30,1,0,0
BRDA:30,1,1,0
BRDA:39,2,0,0
BRDA:39,2,1,0
BRF:6
BRH:0
end_of_record
TN:
SF:database/models/overallStreamRating.js
FNF:0
FNH:0
DA:1,4
DA:3,4
DA:17,4
DA:19,4
LF:4
LH:4
BRF:0
BRH:0
end_of_record
TN:
SF:database/models/overallThumbRating.js
FNF:0
FNH:0
DA:1,4
DA:3,4
DA:11,4
DA:13,4
LF:4
LH:4
BRF:0
BRH:0
end_of_record
TN:
SF:database/models/savedTitle.js
FNF:0
FNH:0
DA:1,4
DA:3,4
DA:13,4
DA:15,4
LF:4
LH:4
BRF:0
BRH:0
end_of_record
TN:
SF:database/models/titleReviews.js
FNF:0
FNH:0
DA:1,4
DA:3,4
DA:14,4
DA:16,4
LF:4
LH:4
BRF:0
BRH:0
end_of_record
TN:
SF:database/models/userStreamRating.js
FNF:0
FNH:0
DA:1,4
DA:3,4
DA:17,4
DA:19,4
LF:4
LH:4
BRF:0
BRH:0
end_of_record
TN:
SF:database/models/userThumbRating.js
FNF:0
FNH:0
DA:1,4
DA:3,4
DA:11,4
DA:13,4
LF:4
LH:4
BRF:0
BRH:0
end_of_record
TN:
SF:server/app.js
FN:54,(anonymous_0)
FN:58,(anonymous_1)
FNF:2
FNH:0
FNDA:0,(anonymous_0)
FNDA:0,(anonymous_1)
DA:1,4
DA:2,4
DA:3,4
DA:4,4
DA:6,4
DA:7,4
DA:8,4
DA:9,4
DA:10,4
DA:11,4
DA:12,4
DA:13,4
DA:14,4
DA:15,4
DA:35,4
DA:37,4
DA:38,4
DA:39,4
DA:40,4
DA:41,4
DA:43,4
DA:44,4
DA:45,4
DA:46,4
DA:47,4
DA:48,4
DA:49,4
DA:50,4
DA:51,4
DA:52,4
DA:54,4
DA:55,0
DA:58,4
DA:59,0
DA:64,4
LF:35
LH:33
BRF:0
BRH:0
end_of_record
TN:
SF:server/routes/relatedTitlesRoutes.js
FNF:0
FNH:0
DA:1,4
DA:2,4
DA:3,4
DA:5,4
DA:7,4
LF:5
LH:5
BRF:0
BRH:0
end_of_record
TN:
SF:server/routes/savedTitlesRoutes.js
FNF:0
FNH:0
DA:1,4
DA:2,4
DA:3,4
DA:5,4
DA:6,4
DA:7,4
DA:9,4
LF:7
LH:7
BRF:0
BRH:0
end_of_record
TN:
SF:server/routes/searchRoutes.js
FN:5,(anonymous_0)
FN:14,(anonymous_1)
FN:37,(anonymous_2)
FNF:3
FNH:3
FNDA:9,(anonymous_0)
FNDA:5,(anonymous_1)
FNDA:4,(anonymous_2)
DA:1,4
DA:2,4
DA:3,4
DA:5,4
DA:7,9
DA:15,5
DA:17,5
DA:18,51
DA:19,48
DA:21,48
DA:22,42
DA:24,6
DA:26,48
DA:35,5
DA:38,4
DA:42,4
LF:16
LH:16
BRDA:18,0,0,48
BRDA:18,0,1,3
BRDA:18,1,0,51
BRDA:18,1,1,51
BRDA:21,2,0,42
BRDA:21,2,1,6
BRDA:29,3,0,48
BRDA:29,3,1,0
BRDA:30,4,0,48
BRDA:30,4,1,9
BRDA:38,5,0,4
BRDA:38,5,1,4
BRF:12
BRH:11
end_of_record
TN:
SF:server/routes/spielbergTitlesRoutes.js
FNF:0
FNH:0
DA:1,4
DA:2,4
DA:3,4
DA:5,4
DA:7,4
LF:5
LH:5
BRF:0
BRH:0
end_of_record
TN:
SF:server/routes/streamRatings.js
FNF:0
FNH:0
DA:1,4
DA:2,4
DA:3,4
DA:5,4
DA:6,4
DA:8,4
LF:6
LH:6
BRF:0
BRH:0
end_of_record
TN:
SF:server/routes/streamSources.js
FN:6,(anonymous_0)
FN:25,(anonymous_1)
FN:34,(anonymous_2)
FN:35,(anonymous_3)
FN:47,(anonymous_4)
FNF:5
FNH:0
FNDA:0,(anonymous_0)
FNDA:0,(anonymous_1)
FNDA:0,(anonymous_2)
FNDA:0,(anonymous_3)
FNDA:0,(anonymous_4)
DA:1,4
DA:2,4
DA:3,4
DA:4,4
DA:6,4
DA:8,0
DA:9,0
DA:10,0
DA:11,0
DA:13,0
DA:14,0
DA:17,0
DA:26,0
DA:28,0
DA:35,0
DA:36,0
DA:37,0
DA:42,0
DA:44,0
DA:48,0
DA:52,4
LF:21
LH:6
BRDA:8,0,0,0
BRDA:8,0,1,0
BRDA:10,1,0,0
BRDA:10,1,1,0
BRF:4
BRH:0
end_of_record
TN:
SF:server/routes/thumbRatings.js
FNF:0
FNH:0
DA:1,4
DA:2,4
DA:3,4
DA:5,4
DA:6,4
DA:8,4
LF:6
LH:6
BRF:0
BRH:0
end_of_record
TN:
SF:server/routes/titleDetailsRoutes.js
FNF:0
FNH:0
DA:60,4
DA:61,4
DA:62,4
DA:64,4
DA:66,4
LF:5
LH:5
BRF:0
BRH:0
end_of_record
TN:
SF:server/routes/titleReviewsRoutes.js
FNF:0
FNH:0
DA:1,4
DA:2,4
DA:3,4
DA:5,4
DA:6,4
DA:8,4
LF:6
LH:6
BRF:0
BRH:0
end_of_record
TN:
SF:server/routes/trendingTitlesRoutes.js
FNF:0
FNH:0
DA:1,4
DA:2,4
DA:3,4
DA:5,4
DA:7,4
LF:5
LH:5
BRF:0
BRH:0
end_of_record
